[2020-02-16 00:04:27] local.INFO: {
    "hotel_id": "44",
    "__method__": "OPTIONS",
    "__url__": "https:\/\/apitndati.com\/v003\/public\/shopping_orders",
    "__time__": "Sun, 16 Feb 2020 00:04:27 +0000"
}  
[2020-02-16 00:04:28] local.INFO: {
    "hotel_id": "44",
    "__method__": "GET",
    "__url__": "https:\/\/apitndati.com\/v003\/public\/shopping_orders",
    "__time__": "Sun, 16 Feb 2020 00:04:28 +0000"
}  
[2020-02-16 00:12:48] local.INFO: {
    "hotel_id": "44",
    "__method__": "OPTIONS",
    "__url__": "https:\/\/apitndati.com\/v003\/public\/shopping_orders",
    "__time__": "Sun, 16 Feb 2020 00:12:47 +0000"
}  
[2020-02-16 00:12:48] local.INFO: {
    "hotel_id": "44",
    "__method__": "GET",
    "__url__": "https:\/\/apitndati.com\/v003\/public\/shopping_orders",
    "__time__": "Sun, 16 Feb 2020 00:12:48 +0000"
}  
[2020-02-16 00:21:09] local.INFO: {
    "hotel_id": "44",
    "__method__": "OPTIONS",
    "__url__": "https:\/\/apitndati.com\/v003\/public\/shopping_orders",
    "__time__": "Sun, 16 Feb 2020 00:21:09 +0000"
}  
[2020-02-16 00:21:09] local.INFO: {
    "hotel_id": "44",
    "__method__": "GET",
    "__url__": "https:\/\/apitndati.com\/v003\/public\/shopping_orders",
    "__time__": "Sun, 16 Feb 2020 00:21:09 +0000"
}  
[2020-02-16 00:29:27] local.INFO: {
    "hotel_id": "44",
    "__method__": "OPTIONS",
    "__url__": "https:\/\/apitndati.com\/v003\/public\/shopping_orders",
    "__time__": "Sun, 16 Feb 2020 00:29:27 +0000"
}  
[2020-02-16 00:29:28] local.INFO: {
    "hotel_id": "44",
    "__method__": "GET",
    "__url__": "https:\/\/apitndati.com\/v003\/public\/shopping_orders",
    "__time__": "Sun, 16 Feb 2020 00:29:28 +0000"
}  
[2020-02-16 00:37:47] local.INFO: {
    "hotel_id": "44",
    "__method__": "OPTIONS",
    "__url__": "https:\/\/apitndati.com\/v003\/public\/shopping_orders",
    "__time__": "Sun, 16 Feb 2020 00:37:47 +0000"
}  
[2020-02-16 00:37:48] local.INFO: {
    "hotel_id": "44",
    "__method__": "GET",
    "__url__": "https:\/\/apitndati.com\/v003\/public\/shopping_orders",
    "__time__": "Sun, 16 Feb 2020 00:37:48 +0000"
}  
[2020-02-16 00:46:07] local.INFO: {
    "hotel_id": "44",
    "__method__": "OPTIONS",
    "__url__": "https:\/\/apitndati.com\/v003\/public\/shopping_orders",
    "__time__": "Sun, 16 Feb 2020 00:46:07 +0000"
}  
[2020-02-16 00:46:08] local.INFO: {
    "hotel_id": "44",
    "__method__": "GET",
    "__url__": "https:\/\/apitndati.com\/v003\/public\/shopping_orders",
    "__time__": "Sun, 16 Feb 2020 00:46:08 +0000"
}  
[2020-02-16 00:54:27] local.INFO: {
    "hotel_id": "44",
    "__method__": "OPTIONS",
    "__url__": "https:\/\/apitndati.com\/v003\/public\/shopping_orders",
    "__time__": "Sun, 16 Feb 2020 00:54:27 +0000"
}  
[2020-02-16 00:54:28] local.INFO: {
    "hotel_id": "44",
    "__method__": "GET",
    "__url__": "https:\/\/apitndati.com\/v003\/public\/shopping_orders",
    "__time__": "Sun, 16 Feb 2020 00:54:28 +0000"
}  
[2020-02-16 01:02:47] local.INFO: {
    "hotel_id": "44",
    "__method__": "OPTIONS",
    "__url__": "https:\/\/apitndati.com\/v003\/public\/shopping_orders",
    "__time__": "Sun, 16 Feb 2020 01:02:47 +0000"
}  
[2020-02-16 01:02:48] local.INFO: {
    "hotel_id": "44",
    "__method__": "GET",
    "__url__": "https:\/\/apitndati.com\/v003\/public\/shopping_orders",
    "__time__": "Sun, 16 Feb 2020 01:02:48 +0000"
}  
[2020-02-16 01:11:07] local.INFO: {
    "hotel_id": "44",
    "__method__": "OPTIONS",
    "__url__": "https:\/\/apitndati.com\/v003\/public\/shopping_orders",
    "__time__": "Sun, 16 Feb 2020 01:11:07 +0000"
}  
[2020-02-16 01:11:08] local.INFO: {
    "hotel_id": "44",
    "__method__": "GET",
    "__url__": "https:\/\/apitndati.com\/v003\/public\/shopping_orders",
    "__time__": "Sun, 16 Feb 2020 01:11:08 +0000"
}  
[2020-02-16 01:19:27] local.INFO: {
    "hotel_id": "44",
    "__method__": "OPTIONS",
    "__url__": "https:\/\/apitndati.com\/v003\/public\/shopping_orders",
    "__time__": "Sun, 16 Feb 2020 01:19:27 +0000"
}  
[2020-02-16 01:19:28] local.INFO: {
    "hotel_id": "44",
    "__method__": "GET",
    "__url__": "https:\/\/apitndati.com\/v003\/public\/shopping_orders",
    "__time__": "Sun, 16 Feb 2020 01:19:28 +0000"
}  
[2020-02-16 01:27:47] local.INFO: {
    "hotel_id": "44",
    "__method__": "OPTIONS",
    "__url__": "https:\/\/apitndati.com\/v003\/public\/shopping_orders",
    "__time__": "Sun, 16 Feb 2020 01:27:47 +0000"
}  
[2020-02-16 01:27:48] local.INFO: {
    "hotel_id": "44",
    "__method__": "GET",
    "__url__": "https:\/\/apitndati.com\/v003\/public\/shopping_orders",
    "__time__": "Sun, 16 Feb 2020 01:27:48 +0000"
}  
[2020-02-16 01:36:07] local.INFO: {
    "hotel_id": "44",
    "__method__": "OPTIONS",
    "__url__": "https:\/\/apitndati.com\/v003\/public\/shopping_orders",
    "__time__": "Sun, 16 Feb 2020 01:36:07 +0000"
}  
[2020-02-16 01:36:08] local.INFO: {
    "hotel_id": "44",
    "__method__": "GET",
    "__url__": "https:\/\/apitndati.com\/v003\/public\/shopping_orders",
    "__time__": "Sun, 16 Feb 2020 01:36:08 +0000"
}  
[2020-02-16 01:44:27] local.INFO: {
    "hotel_id": "44",
    "__method__": "OPTIONS",
    "__url__": "https:\/\/apitndati.com\/v003\/public\/shopping_orders",
    "__time__": "Sun, 16 Feb 2020 01:44:27 +0000"
}  
[2020-02-16 01:44:28] local.INFO: {
    "hotel_id": "44",
    "__method__": "GET",
    "__url__": "https:\/\/apitndati.com\/v003\/public\/shopping_orders",
    "__time__": "Sun, 16 Feb 2020 01:44:28 +0000"
}  
[2020-02-16 01:52:48] local.INFO: {
    "hotel_id": "44",
    "__method__": "OPTIONS",
    "__url__": "https:\/\/apitndati.com\/v003\/public\/shopping_orders",
    "__time__": "Sun, 16 Feb 2020 01:52:48 +0000"
}  
[2020-02-16 01:52:48] local.INFO: {
    "hotel_id": "44",
    "__method__": "GET",
    "__url__": "https:\/\/apitndati.com\/v003\/public\/shopping_orders",
    "__time__": "Sun, 16 Feb 2020 01:52:48 +0000"
}  
[2020-02-16 02:01:07] local.INFO: {
    "hotel_id": "44",
    "__method__": "OPTIONS",
    "__url__": "https:\/\/apitndati.com\/v003\/public\/shopping_orders",
    "__time__": "Sun, 16 Feb 2020 02:01:07 +0000"
}  
[2020-02-16 02:01:08] local.INFO: {
    "hotel_id": "44",
    "__method__": "GET",
    "__url__": "https:\/\/apitndati.com\/v003\/public\/shopping_orders",
    "__time__": "Sun, 16 Feb 2020 02:01:08 +0000"
}  
[2020-02-16 02:09:28] local.INFO: {
    "hotel_id": "44",
    "__method__": "OPTIONS",
    "__url__": "https:\/\/apitndati.com\/v003\/public\/shopping_orders",
    "__time__": "Sun, 16 Feb 2020 02:09:28 +0000"
}  
[2020-02-16 02:09:28] local.INFO: {
    "hotel_id": "44",
    "__method__": "GET",
    "__url__": "https:\/\/apitndati.com\/v003\/public\/shopping_orders",
    "__time__": "Sun, 16 Feb 2020 02:09:28 +0000"
}  
[2020-02-16 02:17:47] local.INFO: {
    "hotel_id": "44",
    "__method__": "OPTIONS",
    "__url__": "https:\/\/apitndati.com\/v003\/public\/shopping_orders",
    "__time__": "Sun, 16 Feb 2020 02:17:47 +0000"
}  
[2020-02-16 02:17:48] local.INFO: {
    "hotel_id": "44",
    "__method__": "GET",
    "__url__": "https:\/\/apitndati.com\/v003\/public\/shopping_orders",
    "__time__": "Sun, 16 Feb 2020 02:17:48 +0000"
}  
[2020-02-16 02:26:09] local.INFO: {
    "hotel_id": "44",
    "__method__": "OPTIONS",
    "__url__": "https:\/\/apitndati.com\/v003\/public\/shopping_orders",
    "__time__": "Sun, 16 Feb 2020 02:26:09 +0000"
}  
[2020-02-16 02:26:10] local.INFO: {
    "hotel_id": "44",
    "__method__": "GET",
    "__url__": "https:\/\/apitndati.com\/v003\/public\/shopping_orders",
    "__time__": "Sun, 16 Feb 2020 02:26:10 +0000"
}  
[2020-02-16 02:34:30] local.INFO: {
    "hotel_id": "44",
    "__method__": "OPTIONS",
    "__url__": "https:\/\/apitndati.com\/v003\/public\/shopping_orders",
    "__time__": "Sun, 16 Feb 2020 02:34:30 +0000"
}  
[2020-02-16 02:34:31] local.INFO: {
    "hotel_id": "44",
    "__method__": "GET",
    "__url__": "https:\/\/apitndati.com\/v003\/public\/shopping_orders",
    "__time__": "Sun, 16 Feb 2020 02:34:31 +0000"
}  
[2020-02-16 02:42:50] local.INFO: {
    "hotel_id": "44",
    "__method__": "OPTIONS",
    "__url__": "https:\/\/apitndati.com\/v003\/public\/shopping_orders",
    "__time__": "Sun, 16 Feb 2020 02:42:50 +0000"
}  
[2020-02-16 02:42:51] local.INFO: {
    "hotel_id": "44",
    "__method__": "GET",
    "__url__": "https:\/\/apitndati.com\/v003\/public\/shopping_orders",
    "__time__": "Sun, 16 Feb 2020 02:42:51 +0000"
}  
[2020-02-16 02:51:10] local.INFO: {
    "hotel_id": "44",
    "__method__": "OPTIONS",
    "__url__": "https:\/\/apitndati.com\/v003\/public\/shopping_orders",
    "__time__": "Sun, 16 Feb 2020 02:51:10 +0000"
}  
[2020-02-16 02:51:11] local.INFO: {
    "hotel_id": "44",
    "__method__": "GET",
    "__url__": "https:\/\/apitndati.com\/v003\/public\/shopping_orders",
    "__time__": "Sun, 16 Feb 2020 02:51:11 +0000"
}  
[2020-02-16 02:59:35] local.INFO: {
    "hotel_id": "44",
    "__method__": "OPTIONS",
    "__url__": "https:\/\/apitndati.com\/v003\/public\/shopping_orders",
    "__time__": "Sun, 16 Feb 2020 02:59:34 +0000"
}  
[2020-02-16 02:59:36] local.INFO: {
    "hotel_id": "44",
    "__method__": "GET",
    "__url__": "https:\/\/apitndati.com\/v003\/public\/shopping_orders",
    "__time__": "Sun, 16 Feb 2020 02:59:36 +0000"
}  
[2020-02-16 03:07:52] local.INFO: {
    "hotel_id": "44",
    "__method__": "OPTIONS",
    "__url__": "https:\/\/apitndati.com\/v003\/public\/shopping_orders",
    "__time__": "Sun, 16 Feb 2020 03:07:52 +0000"
}  
[2020-02-16 03:07:54] local.INFO: {
    "hotel_id": "44",
    "__method__": "GET",
    "__url__": "https:\/\/apitndati.com\/v003\/public\/shopping_orders",
    "__time__": "Sun, 16 Feb 2020 03:07:54 +0000"
}  
[2020-02-16 03:16:17] local.INFO: {
    "hotel_id": "44",
    "__method__": "OPTIONS",
    "__url__": "https:\/\/apitndati.com\/v003\/public\/shopping_orders",
    "__time__": "Sun, 16 Feb 2020 03:16:17 +0000"
}  
[2020-02-16 03:16:18] local.INFO: {
    "hotel_id": "44",
    "__method__": "GET",
    "__url__": "https:\/\/apitndati.com\/v003\/public\/shopping_orders",
    "__time__": "Sun, 16 Feb 2020 03:16:18 +0000"
}  
[2020-02-16 03:24:41] local.INFO: {
    "hotel_id": "44",
    "__method__": "OPTIONS",
    "__url__": "https:\/\/apitndati.com\/v003\/public\/shopping_orders",
    "__time__": "Sun, 16 Feb 2020 03:24:40 +0000"
}  
[2020-02-16 03:24:44] local.INFO: {
    "hotel_id": "44",
    "__method__": "GET",
    "__url__": "https:\/\/apitndati.com\/v003\/public\/shopping_orders",
    "__time__": "Sun, 16 Feb 2020 03:24:44 +0000"
}  
[2020-02-16 03:32:50] local.INFO: {
    "hotel_id": "44",
    "__method__": "OPTIONS",
    "__url__": "https:\/\/apitndati.com\/v003\/public\/shopping_orders",
    "__time__": "Sun, 16 Feb 2020 03:32:50 +0000"
}  
[2020-02-16 03:32:51] local.INFO: {
    "hotel_id": "44",
    "__method__": "GET",
    "__url__": "https:\/\/apitndati.com\/v003\/public\/shopping_orders",
    "__time__": "Sun, 16 Feb 2020 03:32:51 +0000"
}  
[2020-02-16 03:41:10] local.INFO: {
    "hotel_id": "44",
    "__method__": "OPTIONS",
    "__url__": "https:\/\/apitndati.com\/v003\/public\/shopping_orders",
    "__time__": "Sun, 16 Feb 2020 03:41:10 +0000"
}  
[2020-02-16 03:41:11] local.INFO: {
    "hotel_id": "44",
    "__method__": "GET",
    "__url__": "https:\/\/apitndati.com\/v003\/public\/shopping_orders",
    "__time__": "Sun, 16 Feb 2020 03:41:11 +0000"
}  
[2020-02-16 03:49:28] local.INFO: {
    "hotel_id": "44",
    "__method__": "OPTIONS",
    "__url__": "https:\/\/apitndati.com\/v003\/public\/shopping_orders",
    "__time__": "Sun, 16 Feb 2020 03:49:28 +0000"
}  
[2020-02-16 03:49:28] local.INFO: {
    "hotel_id": "44",
    "__method__": "GET",
    "__url__": "https:\/\/apitndati.com\/v003\/public\/shopping_orders",
    "__time__": "Sun, 16 Feb 2020 03:49:28 +0000"
}  
[2020-02-16 03:57:48] local.INFO: {
    "hotel_id": "44",
    "__method__": "OPTIONS",
    "__url__": "https:\/\/apitndati.com\/v003\/public\/shopping_orders",
    "__time__": "Sun, 16 Feb 2020 03:57:48 +0000"
}  
[2020-02-16 03:57:49] local.INFO: {
    "hotel_id": "44",
    "__method__": "GET",
    "__url__": "https:\/\/apitndati.com\/v003\/public\/shopping_orders",
    "__time__": "Sun, 16 Feb 2020 03:57:49 +0000"
}  
[2020-02-16 04:06:08] local.INFO: {
    "hotel_id": "44",
    "__method__": "OPTIONS",
    "__url__": "https:\/\/apitndati.com\/v003\/public\/shopping_orders",
    "__time__": "Sun, 16 Feb 2020 04:06:07 +0000"
}  
[2020-02-16 04:06:08] local.INFO: {
    "hotel_id": "44",
    "__method__": "GET",
    "__url__": "https:\/\/apitndati.com\/v003\/public\/shopping_orders",
    "__time__": "Sun, 16 Feb 2020 04:06:08 +0000"
}  
[2020-02-16 04:14:28] local.INFO: {
    "hotel_id": "44",
    "__method__": "OPTIONS",
    "__url__": "https:\/\/apitndati.com\/v003\/public\/shopping_orders",
    "__time__": "Sun, 16 Feb 2020 04:14:28 +0000"
}  
[2020-02-16 04:14:28] local.INFO: {
    "hotel_id": "44",
    "__method__": "GET",
    "__url__": "https:\/\/apitndati.com\/v003\/public\/shopping_orders",
    "__time__": "Sun, 16 Feb 2020 04:14:28 +0000"
}  
[2020-02-16 04:22:47] local.INFO: {
    "hotel_id": "44",
    "__method__": "OPTIONS",
    "__url__": "https:\/\/apitndati.com\/v003\/public\/shopping_orders",
    "__time__": "Sun, 16 Feb 2020 04:22:47 +0000"
}  
[2020-02-16 04:22:48] local.INFO: {
    "hotel_id": "44",
    "__method__": "GET",
    "__url__": "https:\/\/apitndati.com\/v003\/public\/shopping_orders",
    "__time__": "Sun, 16 Feb 2020 04:22:48 +0000"
}  
[2020-02-16 04:31:07] local.INFO: {
    "hotel_id": "44",
    "__method__": "OPTIONS",
    "__url__": "https:\/\/apitndati.com\/v003\/public\/shopping_orders",
    "__time__": "Sun, 16 Feb 2020 04:31:07 +0000"
}  
[2020-02-16 04:31:08] local.INFO: {
    "hotel_id": "44",
    "__method__": "GET",
    "__url__": "https:\/\/apitndati.com\/v003\/public\/shopping_orders",
    "__time__": "Sun, 16 Feb 2020 04:31:08 +0000"
}  
[2020-02-16 04:39:27] local.INFO: {
    "hotel_id": "44",
    "__method__": "OPTIONS",
    "__url__": "https:\/\/apitndati.com\/v003\/public\/shopping_orders",
    "__time__": "Sun, 16 Feb 2020 04:39:27 +0000"
}  
[2020-02-16 04:39:28] local.INFO: {
    "hotel_id": "44",
    "__method__": "GET",
    "__url__": "https:\/\/apitndati.com\/v003\/public\/shopping_orders",
    "__time__": "Sun, 16 Feb 2020 04:39:28 +0000"
}  
[2020-02-16 04:47:47] local.INFO: {
    "hotel_id": "44",
    "__method__": "OPTIONS",
    "__url__": "https:\/\/apitndati.com\/v003\/public\/shopping_orders",
    "__time__": "Sun, 16 Feb 2020 04:47:47 +0000"
}  
[2020-02-16 04:47:48] local.INFO: {
    "hotel_id": "44",
    "__method__": "GET",
    "__url__": "https:\/\/apitndati.com\/v003\/public\/shopping_orders",
    "__time__": "Sun, 16 Feb 2020 04:47:48 +0000"
}  
[2020-02-16 04:56:07] local.INFO: {
    "hotel_id": "44",
    "__method__": "OPTIONS",
    "__url__": "https:\/\/apitndati.com\/v003\/public\/shopping_orders",
    "__time__": "Sun, 16 Feb 2020 04:56:07 +0000"
}  
[2020-02-16 04:56:08] local.INFO: {
    "hotel_id": "44",
    "__method__": "GET",
    "__url__": "https:\/\/apitndati.com\/v003\/public\/shopping_orders",
    "__time__": "Sun, 16 Feb 2020 04:56:08 +0000"
}  
[2020-02-16 05:04:27] local.INFO: {
    "hotel_id": "44",
    "__method__": "OPTIONS",
    "__url__": "https:\/\/apitndati.com\/v003\/public\/shopping_orders",
    "__time__": "Sun, 16 Feb 2020 05:04:27 +0000"
}  
[2020-02-16 05:04:28] local.INFO: {
    "hotel_id": "44",
    "__method__": "GET",
    "__url__": "https:\/\/apitndati.com\/v003\/public\/shopping_orders",
    "__time__": "Sun, 16 Feb 2020 05:04:28 +0000"
}  
[2020-02-16 05:12:48] local.INFO: {
    "hotel_id": "44",
    "__method__": "OPTIONS",
    "__url__": "https:\/\/apitndati.com\/v003\/public\/shopping_orders",
    "__time__": "Sun, 16 Feb 2020 05:12:48 +0000"
}  
[2020-02-16 05:12:48] local.INFO: {
    "hotel_id": "44",
    "__method__": "GET",
    "__url__": "https:\/\/apitndati.com\/v003\/public\/shopping_orders",
    "__time__": "Sun, 16 Feb 2020 05:12:48 +0000"
}  
[2020-02-16 05:21:07] local.INFO: {
    "hotel_id": "44",
    "__method__": "OPTIONS",
    "__url__": "https:\/\/apitndati.com\/v003\/public\/shopping_orders",
    "__time__": "Sun, 16 Feb 2020 05:21:07 +0000"
}  
[2020-02-16 05:21:08] local.INFO: {
    "hotel_id": "44",
    "__method__": "GET",
    "__url__": "https:\/\/apitndati.com\/v003\/public\/shopping_orders",
    "__time__": "Sun, 16 Feb 2020 05:21:08 +0000"
}  
[2020-02-16 05:29:28] local.INFO: {
    "hotel_id": "44",
    "__method__": "OPTIONS",
    "__url__": "https:\/\/apitndati.com\/v003\/public\/shopping_orders",
    "__time__": "Sun, 16 Feb 2020 05:29:27 +0000"
}  
[2020-02-16 05:29:28] local.INFO: {
    "hotel_id": "44",
    "__method__": "GET",
    "__url__": "https:\/\/apitndati.com\/v003\/public\/shopping_orders",
    "__time__": "Sun, 16 Feb 2020 05:29:28 +0000"
}  
[2020-02-16 05:37:47] local.INFO: {
    "hotel_id": "44",
    "__method__": "OPTIONS",
    "__url__": "https:\/\/apitndati.com\/v003\/public\/shopping_orders",
    "__time__": "Sun, 16 Feb 2020 05:37:47 +0000"
}  
[2020-02-16 05:37:48] local.INFO: {
    "hotel_id": "44",
    "__method__": "GET",
    "__url__": "https:\/\/apitndati.com\/v003\/public\/shopping_orders",
    "__time__": "Sun, 16 Feb 2020 05:37:48 +0000"
}  
[2020-02-16 05:46:07] local.INFO: {
    "hotel_id": "44",
    "__method__": "OPTIONS",
    "__url__": "https:\/\/apitndati.com\/v003\/public\/shopping_orders",
    "__time__": "Sun, 16 Feb 2020 05:46:07 +0000"
}  
[2020-02-16 05:46:08] local.INFO: {
    "hotel_id": "44",
    "__method__": "GET",
    "__url__": "https:\/\/apitndati.com\/v003\/public\/shopping_orders",
    "__time__": "Sun, 16 Feb 2020 05:46:08 +0000"
}  
[2020-02-16 05:54:27] local.INFO: {
    "hotel_id": "44",
    "__method__": "OPTIONS",
    "__url__": "https:\/\/apitndati.com\/v003\/public\/shopping_orders",
    "__time__": "Sun, 16 Feb 2020 05:54:27 +0000"
}  
[2020-02-16 05:54:28] local.INFO: {
    "hotel_id": "44",
    "__method__": "GET",
    "__url__": "https:\/\/apitndati.com\/v003\/public\/shopping_orders",
    "__time__": "Sun, 16 Feb 2020 05:54:28 +0000"
}  
[2020-02-16 06:02:48] local.INFO: {
    "hotel_id": "44",
    "__method__": "OPTIONS",
    "__url__": "https:\/\/apitndati.com\/v003\/public\/shopping_orders",
    "__time__": "Sun, 16 Feb 2020 06:02:48 +0000"
}  
[2020-02-16 06:02:48] local.INFO: {
    "hotel_id": "44",
    "__method__": "GET",
    "__url__": "https:\/\/apitndati.com\/v003\/public\/shopping_orders",
    "__time__": "Sun, 16 Feb 2020 06:02:48 +0000"
}  
[2020-02-16 06:11:07] local.INFO: {
    "hotel_id": "44",
    "__method__": "OPTIONS",
    "__url__": "https:\/\/apitndati.com\/v003\/public\/shopping_orders",
    "__time__": "Sun, 16 Feb 2020 06:11:07 +0000"
}  
[2020-02-16 06:11:08] local.INFO: {
    "hotel_id": "44",
    "__method__": "GET",
    "__url__": "https:\/\/apitndati.com\/v003\/public\/shopping_orders",
    "__time__": "Sun, 16 Feb 2020 06:11:08 +0000"
}  
[2020-02-16 06:19:28] local.INFO: {
    "hotel_id": "44",
    "__method__": "OPTIONS",
    "__url__": "https:\/\/apitndati.com\/v003\/public\/shopping_orders",
    "__time__": "Sun, 16 Feb 2020 06:19:28 +0000"
}  
[2020-02-16 06:19:28] local.INFO: {
    "hotel_id": "44",
    "__method__": "GET",
    "__url__": "https:\/\/apitndati.com\/v003\/public\/shopping_orders",
    "__time__": "Sun, 16 Feb 2020 06:19:28 +0000"
}  
[2020-02-16 06:27:47] local.INFO: {
    "hotel_id": "44",
    "__method__": "OPTIONS",
    "__url__": "https:\/\/apitndati.com\/v003\/public\/shopping_orders",
    "__time__": "Sun, 16 Feb 2020 06:27:47 +0000"
}  
[2020-02-16 06:27:48] local.INFO: {
    "hotel_id": "44",
    "__method__": "GET",
    "__url__": "https:\/\/apitndati.com\/v003\/public\/shopping_orders",
    "__time__": "Sun, 16 Feb 2020 06:27:48 +0000"
}  
[2020-02-16 06:36:07] local.INFO: {
    "hotel_id": "44",
    "__method__": "OPTIONS",
    "__url__": "https:\/\/apitndati.com\/v003\/public\/shopping_orders",
    "__time__": "Sun, 16 Feb 2020 06:36:07 +0000"
}  
[2020-02-16 06:36:08] local.INFO: {
    "hotel_id": "44",
    "__method__": "GET",
    "__url__": "https:\/\/apitndati.com\/v003\/public\/shopping_orders",
    "__time__": "Sun, 16 Feb 2020 06:36:08 +0000"
}  
[2020-02-16 06:44:27] local.INFO: {
    "hotel_id": "44",
    "__method__": "OPTIONS",
    "__url__": "https:\/\/apitndati.com\/v003\/public\/shopping_orders",
    "__time__": "Sun, 16 Feb 2020 06:44:27 +0000"
}  
[2020-02-16 06:44:28] local.INFO: {
    "hotel_id": "44",
    "__method__": "GET",
    "__url__": "https:\/\/apitndati.com\/v003\/public\/shopping_orders",
    "__time__": "Sun, 16 Feb 2020 06:44:28 +0000"
}  
[2020-02-16 06:52:47] local.INFO: {
    "hotel_id": "44",
    "__method__": "OPTIONS",
    "__url__": "https:\/\/apitndati.com\/v003\/public\/shopping_orders",
    "__time__": "Sun, 16 Feb 2020 06:52:47 +0000"
}  
[2020-02-16 06:52:47] local.INFO: {
    "hotel_id": "44",
    "__method__": "GET",
    "__url__": "https:\/\/apitndati.com\/v003\/public\/shopping_orders",
    "__time__": "Sun, 16 Feb 2020 06:52:47 +0000"
}  
[2020-02-16 07:01:10] local.INFO: {
    "hotel_id": "44",
    "__method__": "OPTIONS",
    "__url__": "https:\/\/apitndati.com\/v003\/public\/shopping_orders",
    "__time__": "Sun, 16 Feb 2020 07:01:10 +0000"
}  
[2020-02-16 07:01:11] local.INFO: {
    "hotel_id": "44",
    "__method__": "GET",
    "__url__": "https:\/\/apitndati.com\/v003\/public\/shopping_orders",
    "__time__": "Sun, 16 Feb 2020 07:01:11 +0000"
}  
[2020-02-16 07:09:28] local.INFO: {
    "hotel_id": "44",
    "__method__": "OPTIONS",
    "__url__": "https:\/\/apitndati.com\/v003\/public\/shopping_orders",
    "__time__": "Sun, 16 Feb 2020 07:09:28 +0000"
}  
[2020-02-16 07:09:28] local.INFO: {
    "hotel_id": "44",
    "__method__": "GET",
    "__url__": "https:\/\/apitndati.com\/v003\/public\/shopping_orders",
    "__time__": "Sun, 16 Feb 2020 07:09:28 +0000"
}  
[2020-02-16 07:17:48] local.INFO: {
    "hotel_id": "44",
    "__method__": "OPTIONS",
    "__url__": "https:\/\/apitndati.com\/v003\/public\/shopping_orders",
    "__time__": "Sun, 16 Feb 2020 07:17:48 +0000"
}  
[2020-02-16 07:17:48] local.INFO: {
    "hotel_id": "44",
    "__method__": "GET",
    "__url__": "https:\/\/apitndati.com\/v003\/public\/shopping_orders",
    "__time__": "Sun, 16 Feb 2020 07:17:48 +0000"
}  
[2020-02-16 07:26:07] local.INFO: {
    "hotel_id": "44",
    "__method__": "OPTIONS",
    "__url__": "https:\/\/apitndati.com\/v003\/public\/shopping_orders",
    "__time__": "Sun, 16 Feb 2020 07:26:07 +0000"
}  
[2020-02-16 07:26:08] local.INFO: {
    "hotel_id": "44",
    "__method__": "GET",
    "__url__": "https:\/\/apitndati.com\/v003\/public\/shopping_orders",
    "__time__": "Sun, 16 Feb 2020 07:26:08 +0000"
}  
[2020-02-16 07:34:27] local.INFO: {
    "hotel_id": "44",
    "__method__": "OPTIONS",
    "__url__": "https:\/\/apitndati.com\/v003\/public\/shopping_orders",
    "__time__": "Sun, 16 Feb 2020 07:34:27 +0000"
}  
[2020-02-16 07:34:28] local.INFO: {
    "hotel_id": "44",
    "__method__": "GET",
    "__url__": "https:\/\/apitndati.com\/v003\/public\/shopping_orders",
    "__time__": "Sun, 16 Feb 2020 07:34:28 +0000"
}  
[2020-02-16 07:42:47] local.INFO: {
    "hotel_id": "44",
    "__method__": "OPTIONS",
    "__url__": "https:\/\/apitndati.com\/v003\/public\/shopping_orders",
    "__time__": "Sun, 16 Feb 2020 07:42:47 +0000"
}  
[2020-02-16 07:42:47] local.INFO: {
    "hotel_id": "44",
    "__method__": "GET",
    "__url__": "https:\/\/apitndati.com\/v003\/public\/shopping_orders",
    "__time__": "Sun, 16 Feb 2020 07:42:47 +0000"
}  
[2020-02-16 07:51:08] local.INFO: {
    "hotel_id": "44",
    "__method__": "OPTIONS",
    "__url__": "https:\/\/apitndati.com\/v003\/public\/shopping_orders",
    "__time__": "Sun, 16 Feb 2020 07:51:07 +0000"
}  
[2020-02-16 07:51:08] local.INFO: {
    "hotel_id": "44",
    "__method__": "GET",
    "__url__": "https:\/\/apitndati.com\/v003\/public\/shopping_orders",
    "__time__": "Sun, 16 Feb 2020 07:51:08 +0000"
}  
[2020-02-16 07:59:27] local.INFO: {
    "hotel_id": "44",
    "__method__": "OPTIONS",
    "__url__": "https:\/\/apitndati.com\/v003\/public\/shopping_orders",
    "__time__": "Sun, 16 Feb 2020 07:59:27 +0000"
}  
[2020-02-16 07:59:28] local.INFO: {
    "hotel_id": "44",
    "__method__": "GET",
    "__url__": "https:\/\/apitndati.com\/v003\/public\/shopping_orders",
    "__time__": "Sun, 16 Feb 2020 07:59:28 +0000"
}  
[2020-02-16 08:07:47] local.INFO: {
    "hotel_id": "44",
    "__method__": "OPTIONS",
    "__url__": "https:\/\/apitndati.com\/v003\/public\/shopping_orders",
    "__time__": "Sun, 16 Feb 2020 08:07:47 +0000"
}  
[2020-02-16 08:07:47] local.INFO: {
    "hotel_id": "44",
    "__method__": "GET",
    "__url__": "https:\/\/apitndati.com\/v003\/public\/shopping_orders",
    "__time__": "Sun, 16 Feb 2020 08:07:47 +0000"
}  
[2020-02-16 08:16:07] local.INFO: {
    "hotel_id": "44",
    "__method__": "OPTIONS",
    "__url__": "https:\/\/apitndati.com\/v003\/public\/shopping_orders",
    "__time__": "Sun, 16 Feb 2020 08:16:07 +0000"
}  
[2020-02-16 08:16:08] local.INFO: {
    "hotel_id": "44",
    "__method__": "GET",
    "__url__": "https:\/\/apitndati.com\/v003\/public\/shopping_orders",
    "__time__": "Sun, 16 Feb 2020 08:16:08 +0000"
}  
[2020-02-16 08:24:27] local.INFO: {
    "hotel_id": "44",
    "__method__": "OPTIONS",
    "__url__": "https:\/\/apitndati.com\/v003\/public\/shopping_orders",
    "__time__": "Sun, 16 Feb 2020 08:24:27 +0000"
}  
[2020-02-16 08:24:28] local.INFO: {
    "hotel_id": "44",
    "__method__": "GET",
    "__url__": "https:\/\/apitndati.com\/v003\/public\/shopping_orders",
    "__time__": "Sun, 16 Feb 2020 08:24:28 +0000"
}  
[2020-02-16 08:32:47] local.INFO: {
    "hotel_id": "44",
    "__method__": "OPTIONS",
    "__url__": "https:\/\/apitndati.com\/v003\/public\/shopping_orders",
    "__time__": "Sun, 16 Feb 2020 08:32:47 +0000"
}  
[2020-02-16 08:32:48] local.INFO: {
    "hotel_id": "44",
    "__method__": "GET",
    "__url__": "https:\/\/apitndati.com\/v003\/public\/shopping_orders",
    "__time__": "Sun, 16 Feb 2020 08:32:48 +0000"
}  
[2020-02-16 08:41:07] local.INFO: {
    "hotel_id": "44",
    "__method__": "OPTIONS",
    "__url__": "https:\/\/apitndati.com\/v003\/public\/shopping_orders",
    "__time__": "Sun, 16 Feb 2020 08:41:07 +0000"
}  
[2020-02-16 08:41:08] local.INFO: {
    "hotel_id": "44",
    "__method__": "GET",
    "__url__": "https:\/\/apitndati.com\/v003\/public\/shopping_orders",
    "__time__": "Sun, 16 Feb 2020 08:41:08 +0000"
}  
[2020-02-16 08:49:27] local.INFO: {
    "hotel_id": "44",
    "__method__": "OPTIONS",
    "__url__": "https:\/\/apitndati.com\/v003\/public\/shopping_orders",
    "__time__": "Sun, 16 Feb 2020 08:49:27 +0000"
}  
[2020-02-16 08:49:28] local.INFO: {
    "hotel_id": "44",
    "__method__": "GET",
    "__url__": "https:\/\/apitndati.com\/v003\/public\/shopping_orders",
    "__time__": "Sun, 16 Feb 2020 08:49:28 +0000"
}  
[2020-02-16 08:57:47] local.INFO: {
    "hotel_id": "44",
    "__method__": "OPTIONS",
    "__url__": "https:\/\/apitndati.com\/v003\/public\/shopping_orders",
    "__time__": "Sun, 16 Feb 2020 08:57:47 +0000"
}  
[2020-02-16 08:57:47] local.INFO: {
    "hotel_id": "44",
    "__method__": "GET",
    "__url__": "https:\/\/apitndati.com\/v003\/public\/shopping_orders",
    "__time__": "Sun, 16 Feb 2020 08:57:47 +0000"
}  
[2020-02-16 09:06:07] local.INFO: {
    "hotel_id": "44",
    "__method__": "OPTIONS",
    "__url__": "https:\/\/apitndati.com\/v003\/public\/shopping_orders",
    "__time__": "Sun, 16 Feb 2020 09:06:07 +0000"
}  
[2020-02-16 09:06:08] local.INFO: {
    "hotel_id": "44",
    "__method__": "GET",
    "__url__": "https:\/\/apitndati.com\/v003\/public\/shopping_orders",
    "__time__": "Sun, 16 Feb 2020 09:06:08 +0000"
}  
[2020-02-16 09:14:27] local.INFO: {
    "hotel_id": "44",
    "__method__": "OPTIONS",
    "__url__": "https:\/\/apitndati.com\/v003\/public\/shopping_orders",
    "__time__": "Sun, 16 Feb 2020 09:14:27 +0000"
}  
[2020-02-16 09:14:28] local.INFO: {
    "hotel_id": "44",
    "__method__": "GET",
    "__url__": "https:\/\/apitndati.com\/v003\/public\/shopping_orders",
    "__time__": "Sun, 16 Feb 2020 09:14:28 +0000"
}  
[2020-02-16 09:22:47] local.INFO: {
    "hotel_id": "44",
    "__method__": "OPTIONS",
    "__url__": "https:\/\/apitndati.com\/v003\/public\/shopping_orders",
    "__time__": "Sun, 16 Feb 2020 09:22:47 +0000"
}  
[2020-02-16 09:22:47] local.INFO: {
    "hotel_id": "44",
    "__method__": "GET",
    "__url__": "https:\/\/apitndati.com\/v003\/public\/shopping_orders",
    "__time__": "Sun, 16 Feb 2020 09:22:47 +0000"
}  
[2020-02-16 09:31:07] local.INFO: {
    "hotel_id": "44",
    "__method__": "OPTIONS",
    "__url__": "https:\/\/apitndati.com\/v003\/public\/shopping_orders",
    "__time__": "Sun, 16 Feb 2020 09:31:07 +0000"
}  
[2020-02-16 09:31:08] local.INFO: {
    "hotel_id": "44",
    "__method__": "GET",
    "__url__": "https:\/\/apitndati.com\/v003\/public\/shopping_orders",
    "__time__": "Sun, 16 Feb 2020 09:31:08 +0000"
}  
[2020-02-16 09:39:28] local.INFO: {
    "hotel_id": "44",
    "__method__": "OPTIONS",
    "__url__": "https:\/\/apitndati.com\/v003\/public\/shopping_orders",
    "__time__": "Sun, 16 Feb 2020 09:39:28 +0000"
}  
[2020-02-16 09:39:28] local.INFO: {
    "hotel_id": "44",
    "__method__": "GET",
    "__url__": "https:\/\/apitndati.com\/v003\/public\/shopping_orders",
    "__time__": "Sun, 16 Feb 2020 09:39:28 +0000"
}  
[2020-02-16 09:47:47] local.INFO: {
    "hotel_id": "44",
    "__method__": "OPTIONS",
    "__url__": "https:\/\/apitndati.com\/v003\/public\/shopping_orders",
    "__time__": "Sun, 16 Feb 2020 09:47:47 +0000"
}  
[2020-02-16 09:47:48] local.INFO: {
    "hotel_id": "44",
    "__method__": "GET",
    "__url__": "https:\/\/apitndati.com\/v003\/public\/shopping_orders",
    "__time__": "Sun, 16 Feb 2020 09:47:48 +0000"
}  
[2020-02-16 09:56:07] local.INFO: {
    "hotel_id": "44",
    "__method__": "OPTIONS",
    "__url__": "https:\/\/apitndati.com\/v003\/public\/shopping_orders",
    "__time__": "Sun, 16 Feb 2020 09:56:07 +0000"
}  
[2020-02-16 09:56:07] local.INFO: {
    "hotel_id": "44",
    "__method__": "GET",
    "__url__": "https:\/\/apitndati.com\/v003\/public\/shopping_orders",
    "__time__": "Sun, 16 Feb 2020 09:56:07 +0000"
}  
[2020-02-16 10:04:27] local.INFO: {
    "hotel_id": "44",
    "__method__": "OPTIONS",
    "__url__": "https:\/\/apitndati.com\/v003\/public\/shopping_orders",
    "__time__": "Sun, 16 Feb 2020 10:04:27 +0000"
}  
[2020-02-16 10:04:28] local.INFO: {
    "hotel_id": "44",
    "__method__": "GET",
    "__url__": "https:\/\/apitndati.com\/v003\/public\/shopping_orders",
    "__time__": "Sun, 16 Feb 2020 10:04:28 +0000"
}  
[2020-02-16 10:12:51] local.INFO: {
    "hotel_id": "44",
    "__method__": "OPTIONS",
    "__url__": "https:\/\/apitndati.com\/v003\/public\/shopping_orders",
    "__time__": "Sun, 16 Feb 2020 10:12:50 +0000"
}  
[2020-02-16 10:12:52] local.INFO: {
    "hotel_id": "44",
    "__method__": "GET",
    "__url__": "https:\/\/apitndati.com\/v003\/public\/shopping_orders",
    "__time__": "Sun, 16 Feb 2020 10:12:52 +0000"
}  
[2020-02-16 10:21:07] local.INFO: {
    "hotel_id": "44",
    "__method__": "OPTIONS",
    "__url__": "https:\/\/apitndati.com\/v003\/public\/shopping_orders",
    "__time__": "Sun, 16 Feb 2020 10:21:07 +0000"
}  
[2020-02-16 10:21:07] local.INFO: {
    "hotel_id": "44",
    "__method__": "GET",
    "__url__": "https:\/\/apitndati.com\/v003\/public\/shopping_orders",
    "__time__": "Sun, 16 Feb 2020 10:21:07 +0000"
}  
[2020-02-16 10:29:27] local.INFO: {
    "hotel_id": "44",
    "__method__": "OPTIONS",
    "__url__": "https:\/\/apitndati.com\/v003\/public\/shopping_orders",
    "__time__": "Sun, 16 Feb 2020 10:29:27 +0000"
}  
[2020-02-16 10:29:28] local.INFO: {
    "hotel_id": "44",
    "__method__": "GET",
    "__url__": "https:\/\/apitndati.com\/v003\/public\/shopping_orders",
    "__time__": "Sun, 16 Feb 2020 10:29:28 +0000"
}  
[2020-02-16 10:37:47] local.INFO: {
    "hotel_id": "44",
    "__method__": "OPTIONS",
    "__url__": "https:\/\/apitndati.com\/v003\/public\/shopping_orders",
    "__time__": "Sun, 16 Feb 2020 10:37:47 +0000"
}  
[2020-02-16 10:37:48] local.INFO: {
    "hotel_id": "44",
    "__method__": "GET",
    "__url__": "https:\/\/apitndati.com\/v003\/public\/shopping_orders",
    "__time__": "Sun, 16 Feb 2020 10:37:48 +0000"
}  
[2020-02-16 10:46:07] local.INFO: {
    "hotel_id": "44",
    "__method__": "OPTIONS",
    "__url__": "https:\/\/apitndati.com\/v003\/public\/shopping_orders",
    "__time__": "Sun, 16 Feb 2020 10:46:07 +0000"
}  
[2020-02-16 10:46:08] local.INFO: {
    "hotel_id": "44",
    "__method__": "GET",
    "__url__": "https:\/\/apitndati.com\/v003\/public\/shopping_orders",
    "__time__": "Sun, 16 Feb 2020 10:46:08 +0000"
}  
[2020-02-16 10:54:30] local.INFO: {
    "hotel_id": "44",
    "__method__": "OPTIONS",
    "__url__": "https:\/\/apitndati.com\/v003\/public\/shopping_orders",
    "__time__": "Sun, 16 Feb 2020 10:54:30 +0000"
}  
[2020-02-16 10:54:30] local.INFO: {
    "hotel_id": "44",
    "__method__": "GET",
    "__url__": "https:\/\/apitndati.com\/v003\/public\/shopping_orders",
    "__time__": "Sun, 16 Feb 2020 10:54:30 +0000"
}  
[2020-02-16 11:02:48] local.INFO: {
    "hotel_id": "44",
    "__method__": "OPTIONS",
    "__url__": "https:\/\/apitndati.com\/v003\/public\/shopping_orders",
    "__time__": "Sun, 16 Feb 2020 11:02:48 +0000"
}  
[2020-02-16 11:02:48] local.INFO: {
    "hotel_id": "44",
    "__method__": "GET",
    "__url__": "https:\/\/apitndati.com\/v003\/public\/shopping_orders",
    "__time__": "Sun, 16 Feb 2020 11:02:48 +0000"
}  
[2020-02-16 11:11:07] local.INFO: {
    "hotel_id": "44",
    "__method__": "OPTIONS",
    "__url__": "https:\/\/apitndati.com\/v003\/public\/shopping_orders",
    "__time__": "Sun, 16 Feb 2020 11:11:07 +0000"
}  
[2020-02-16 11:11:08] local.INFO: {
    "hotel_id": "44",
    "__method__": "GET",
    "__url__": "https:\/\/apitndati.com\/v003\/public\/shopping_orders",
    "__time__": "Sun, 16 Feb 2020 11:11:08 +0000"
}  
[2020-02-16 11:19:27] local.INFO: {
    "hotel_id": "44",
    "__method__": "OPTIONS",
    "__url__": "https:\/\/apitndati.com\/v003\/public\/shopping_orders",
    "__time__": "Sun, 16 Feb 2020 11:19:27 +0000"
}  
[2020-02-16 11:19:28] local.INFO: {
    "hotel_id": "44",
    "__method__": "GET",
    "__url__": "https:\/\/apitndati.com\/v003\/public\/shopping_orders",
    "__time__": "Sun, 16 Feb 2020 11:19:28 +0000"
}  
[2020-02-16 11:27:50] local.INFO: {
    "hotel_id": "44",
    "__method__": "OPTIONS",
    "__url__": "https:\/\/apitndati.com\/v003\/public\/shopping_orders",
    "__time__": "Sun, 16 Feb 2020 11:27:50 +0000"
}  
[2020-02-16 11:27:51] local.INFO: {
    "hotel_id": "44",
    "__method__": "GET",
    "__url__": "https:\/\/apitndati.com\/v003\/public\/shopping_orders",
    "__time__": "Sun, 16 Feb 2020 11:27:51 +0000"
}  
[2020-02-16 11:36:07] local.INFO: {
    "hotel_id": "44",
    "__method__": "OPTIONS",
    "__url__": "https:\/\/apitndati.com\/v003\/public\/shopping_orders",
    "__time__": "Sun, 16 Feb 2020 11:36:07 +0000"
}  
[2020-02-16 11:36:08] local.INFO: {
    "hotel_id": "44",
    "__method__": "GET",
    "__url__": "https:\/\/apitndati.com\/v003\/public\/shopping_orders",
    "__time__": "Sun, 16 Feb 2020 11:36:08 +0000"
}  
[2020-02-16 11:44:27] local.INFO: {
    "hotel_id": "44",
    "__method__": "OPTIONS",
    "__url__": "https:\/\/apitndati.com\/v003\/public\/shopping_orders",
    "__time__": "Sun, 16 Feb 2020 11:44:27 +0000"
}  
[2020-02-16 11:44:28] local.INFO: {
    "hotel_id": "44",
    "__method__": "GET",
    "__url__": "https:\/\/apitndati.com\/v003\/public\/shopping_orders",
    "__time__": "Sun, 16 Feb 2020 11:44:28 +0000"
}  
[2020-02-16 11:52:47] local.INFO: {
    "hotel_id": "44",
    "__method__": "OPTIONS",
    "__url__": "https:\/\/apitndati.com\/v003\/public\/shopping_orders",
    "__time__": "Sun, 16 Feb 2020 11:52:47 +0000"
}  
[2020-02-16 11:52:48] local.INFO: {
    "hotel_id": "44",
    "__method__": "GET",
    "__url__": "https:\/\/apitndati.com\/v003\/public\/shopping_orders",
    "__time__": "Sun, 16 Feb 2020 11:52:48 +0000"
}  
[2020-02-16 12:01:07] local.INFO: {
    "hotel_id": "44",
    "__method__": "OPTIONS",
    "__url__": "https:\/\/apitndati.com\/v003\/public\/shopping_orders",
    "__time__": "Sun, 16 Feb 2020 12:01:07 +0000"
}  
[2020-02-16 12:01:08] local.INFO: {
    "hotel_id": "44",
    "__method__": "GET",
    "__url__": "https:\/\/apitndati.com\/v003\/public\/shopping_orders",
    "__time__": "Sun, 16 Feb 2020 12:01:08 +0000"
}  
[2020-02-16 12:09:27] local.INFO: {
    "hotel_id": "44",
    "__method__": "OPTIONS",
    "__url__": "https:\/\/apitndati.com\/v003\/public\/shopping_orders",
    "__time__": "Sun, 16 Feb 2020 12:09:27 +0000"
}  
[2020-02-16 12:09:28] local.INFO: {
    "hotel_id": "44",
    "__method__": "GET",
    "__url__": "https:\/\/apitndati.com\/v003\/public\/shopping_orders",
    "__time__": "Sun, 16 Feb 2020 12:09:28 +0000"
}  
[2020-02-16 12:17:47] local.INFO: {
    "hotel_id": "44",
    "__method__": "OPTIONS",
    "__url__": "https:\/\/apitndati.com\/v003\/public\/shopping_orders",
    "__time__": "Sun, 16 Feb 2020 12:17:47 +0000"
}  
[2020-02-16 12:17:48] local.INFO: {
    "hotel_id": "44",
    "__method__": "GET",
    "__url__": "https:\/\/apitndati.com\/v003\/public\/shopping_orders",
    "__time__": "Sun, 16 Feb 2020 12:17:48 +0000"
}  
[2020-02-16 12:26:08] local.INFO: {
    "hotel_id": "44",
    "__method__": "OPTIONS",
    "__url__": "https:\/\/apitndati.com\/v003\/public\/shopping_orders",
    "__time__": "Sun, 16 Feb 2020 12:26:08 +0000"
}  
[2020-02-16 12:26:08] local.INFO: {
    "hotel_id": "44",
    "__method__": "GET",
    "__url__": "https:\/\/apitndati.com\/v003\/public\/shopping_orders",
    "__time__": "Sun, 16 Feb 2020 12:26:08 +0000"
}  
[2020-02-16 12:34:27] local.INFO: {
    "hotel_id": "44",
    "__method__": "OPTIONS",
    "__url__": "https:\/\/apitndati.com\/v003\/public\/shopping_orders",
    "__time__": "Sun, 16 Feb 2020 12:34:27 +0000"
}  
[2020-02-16 12:34:28] local.INFO: {
    "hotel_id": "44",
    "__method__": "GET",
    "__url__": "https:\/\/apitndati.com\/v003\/public\/shopping_orders",
    "__time__": "Sun, 16 Feb 2020 12:34:28 +0000"
}  
[2020-02-16 12:42:47] local.INFO: {
    "hotel_id": "44",
    "__method__": "OPTIONS",
    "__url__": "https:\/\/apitndati.com\/v003\/public\/shopping_orders",
    "__time__": "Sun, 16 Feb 2020 12:42:47 +0000"
}  
[2020-02-16 12:42:47] local.INFO: {
    "hotel_id": "44",
    "__method__": "GET",
    "__url__": "https:\/\/apitndati.com\/v003\/public\/shopping_orders",
    "__time__": "Sun, 16 Feb 2020 12:42:47 +0000"
}  
[2020-02-16 12:51:07] local.INFO: {
    "hotel_id": "44",
    "__method__": "OPTIONS",
    "__url__": "https:\/\/apitndati.com\/v003\/public\/shopping_orders",
    "__time__": "Sun, 16 Feb 2020 12:51:07 +0000"
}  
[2020-02-16 12:51:07] local.INFO: {
    "hotel_id": "44",
    "__method__": "GET",
    "__url__": "https:\/\/apitndati.com\/v003\/public\/shopping_orders",
    "__time__": "Sun, 16 Feb 2020 12:51:07 +0000"
}  
[2020-02-16 12:59:27] local.INFO: {
    "hotel_id": "44",
    "__method__": "OPTIONS",
    "__url__": "https:\/\/apitndati.com\/v003\/public\/shopping_orders",
    "__time__": "Sun, 16 Feb 2020 12:59:27 +0000"
}  
[2020-02-16 12:59:28] local.INFO: {
    "hotel_id": "44",
    "__method__": "GET",
    "__url__": "https:\/\/apitndati.com\/v003\/public\/shopping_orders",
    "__time__": "Sun, 16 Feb 2020 12:59:28 +0000"
}  
[2020-02-16 13:07:51] local.INFO: {
    "hotel_id": "44",
    "__method__": "OPTIONS",
    "__url__": "https:\/\/apitndati.com\/v003\/public\/shopping_orders",
    "__time__": "Sun, 16 Feb 2020 13:07:51 +0000"
}  
[2020-02-16 13:07:53] local.INFO: {
    "hotel_id": "44",
    "__method__": "GET",
    "__url__": "https:\/\/apitndati.com\/v003\/public\/shopping_orders",
    "__time__": "Sun, 16 Feb 2020 13:07:53 +0000"
}  
[2020-02-16 13:16:10] local.INFO: {
    "hotel_id": "44",
    "__method__": "OPTIONS",
    "__url__": "https:\/\/apitndati.com\/v003\/public\/shopping_orders",
    "__time__": "Sun, 16 Feb 2020 13:16:10 +0000"
}  
[2020-02-16 13:16:11] local.INFO: {
    "hotel_id": "44",
    "__method__": "GET",
    "__url__": "https:\/\/apitndati.com\/v003\/public\/shopping_orders",
    "__time__": "Sun, 16 Feb 2020 13:16:11 +0000"
}  
[2020-02-16 13:24:27] local.INFO: {
    "hotel_id": "44",
    "__method__": "OPTIONS",
    "__url__": "https:\/\/apitndati.com\/v003\/public\/shopping_orders",
    "__time__": "Sun, 16 Feb 2020 13:24:27 +0000"
}  
[2020-02-16 13:24:28] local.INFO: {
    "hotel_id": "44",
    "__method__": "GET",
    "__url__": "https:\/\/apitndati.com\/v003\/public\/shopping_orders",
    "__time__": "Sun, 16 Feb 2020 13:24:28 +0000"
}  
[2020-02-16 13:32:47] local.INFO: {
    "hotel_id": "44",
    "__method__": "OPTIONS",
    "__url__": "https:\/\/apitndati.com\/v003\/public\/shopping_orders",
    "__time__": "Sun, 16 Feb 2020 13:32:47 +0000"
}  
[2020-02-16 13:32:48] local.INFO: {
    "hotel_id": "44",
    "__method__": "GET",
    "__url__": "https:\/\/apitndati.com\/v003\/public\/shopping_orders",
    "__time__": "Sun, 16 Feb 2020 13:32:48 +0000"
}  
[2020-02-16 13:41:07] local.INFO: {
    "hotel_id": "44",
    "__method__": "OPTIONS",
    "__url__": "https:\/\/apitndati.com\/v003\/public\/shopping_orders",
    "__time__": "Sun, 16 Feb 2020 13:41:07 +0000"
}  
[2020-02-16 13:41:08] local.INFO: {
    "hotel_id": "44",
    "__method__": "GET",
    "__url__": "https:\/\/apitndati.com\/v003\/public\/shopping_orders",
    "__time__": "Sun, 16 Feb 2020 13:41:08 +0000"
}  
[2020-02-16 13:49:28] local.INFO: {
    "hotel_id": "44",
    "__method__": "OPTIONS",
    "__url__": "https:\/\/apitndati.com\/v003\/public\/shopping_orders",
    "__time__": "Sun, 16 Feb 2020 13:49:28 +0000"
}  
[2020-02-16 13:49:28] local.INFO: {
    "hotel_id": "44",
    "__method__": "GET",
    "__url__": "https:\/\/apitndati.com\/v003\/public\/shopping_orders",
    "__time__": "Sun, 16 Feb 2020 13:49:28 +0000"
}  
[2020-02-16 13:57:47] local.INFO: {
    "hotel_id": "44",
    "__method__": "OPTIONS",
    "__url__": "https:\/\/apitndati.com\/v003\/public\/shopping_orders",
    "__time__": "Sun, 16 Feb 2020 13:57:47 +0000"
}  
[2020-02-16 13:57:48] local.INFO: {
    "hotel_id": "44",
    "__method__": "GET",
    "__url__": "https:\/\/apitndati.com\/v003\/public\/shopping_orders",
    "__time__": "Sun, 16 Feb 2020 13:57:48 +0000"
}  
[2020-02-16 14:06:07] local.INFO: {
    "hotel_id": "44",
    "__method__": "OPTIONS",
    "__url__": "https:\/\/apitndati.com\/v003\/public\/shopping_orders",
    "__time__": "Sun, 16 Feb 2020 14:06:07 +0000"
}  
[2020-02-16 14:06:08] local.INFO: {
    "hotel_id": "44",
    "__method__": "GET",
    "__url__": "https:\/\/apitndati.com\/v003\/public\/shopping_orders",
    "__time__": "Sun, 16 Feb 2020 14:06:08 +0000"
}  
[2020-02-16 14:14:27] local.INFO: {
    "hotel_id": "44",
    "__method__": "OPTIONS",
    "__url__": "https:\/\/apitndati.com\/v003\/public\/shopping_orders",
    "__time__": "Sun, 16 Feb 2020 14:14:27 +0000"
}  
[2020-02-16 14:14:28] local.INFO: {
    "hotel_id": "44",
    "__method__": "GET",
    "__url__": "https:\/\/apitndati.com\/v003\/public\/shopping_orders",
    "__time__": "Sun, 16 Feb 2020 14:14:28 +0000"
}  
[2020-02-16 14:22:48] local.INFO: {
    "hotel_id": "44",
    "__method__": "OPTIONS",
    "__url__": "https:\/\/apitndati.com\/v003\/public\/shopping_orders",
    "__time__": "Sun, 16 Feb 2020 14:22:48 +0000"
}  
[2020-02-16 14:22:48] local.INFO: {
    "hotel_id": "44",
    "__method__": "GET",
    "__url__": "https:\/\/apitndati.com\/v003\/public\/shopping_orders",
    "__time__": "Sun, 16 Feb 2020 14:22:48 +0000"
}  
[2020-02-16 14:31:08] local.INFO: {
    "hotel_id": "44",
    "__method__": "OPTIONS",
    "__url__": "https:\/\/apitndati.com\/v003\/public\/shopping_orders",
    "__time__": "Sun, 16 Feb 2020 14:31:08 +0000"
}  
[2020-02-16 14:31:08] local.INFO: {
    "hotel_id": "44",
    "__method__": "GET",
    "__url__": "https:\/\/apitndati.com\/v003\/public\/shopping_orders",
    "__time__": "Sun, 16 Feb 2020 14:31:08 +0000"
}  
[2020-02-16 14:39:27] local.INFO: {
    "hotel_id": "44",
    "__method__": "OPTIONS",
    "__url__": "https:\/\/apitndati.com\/v003\/public\/shopping_orders",
    "__time__": "Sun, 16 Feb 2020 14:39:27 +0000"
}  
[2020-02-16 14:39:28] local.INFO: {
    "hotel_id": "44",
    "__method__": "GET",
    "__url__": "https:\/\/apitndati.com\/v003\/public\/shopping_orders",
    "__time__": "Sun, 16 Feb 2020 14:39:28 +0000"
}  
[2020-02-16 14:47:48] local.INFO: {
    "hotel_id": "44",
    "__method__": "OPTIONS",
    "__url__": "https:\/\/apitndati.com\/v003\/public\/shopping_orders",
    "__time__": "Sun, 16 Feb 2020 14:47:48 +0000"
}  
[2020-02-16 14:47:48] local.INFO: {
    "hotel_id": "44",
    "__method__": "GET",
    "__url__": "https:\/\/apitndati.com\/v003\/public\/shopping_orders",
    "__time__": "Sun, 16 Feb 2020 14:47:48 +0000"
}  
[2020-02-16 14:56:07] local.INFO: {
    "hotel_id": "44",
    "__method__": "OPTIONS",
    "__url__": "https:\/\/apitndati.com\/v003\/public\/shopping_orders",
    "__time__": "Sun, 16 Feb 2020 14:56:07 +0000"
}  
[2020-02-16 14:56:08] local.INFO: {
    "hotel_id": "44",
    "__method__": "GET",
    "__url__": "https:\/\/apitndati.com\/v003\/public\/shopping_orders",
    "__time__": "Sun, 16 Feb 2020 14:56:08 +0000"
}  
[2020-02-16 15:04:28] local.INFO: {
    "hotel_id": "44",
    "__method__": "OPTIONS",
    "__url__": "https:\/\/apitndati.com\/v003\/public\/shopping_orders",
    "__time__": "Sun, 16 Feb 2020 15:04:28 +0000"
}  
[2020-02-16 15:04:28] local.INFO: {
    "hotel_id": "44",
    "__method__": "GET",
    "__url__": "https:\/\/apitndati.com\/v003\/public\/shopping_orders",
    "__time__": "Sun, 16 Feb 2020 15:04:28 +0000"
}  
[2020-02-16 15:12:48] local.INFO: {
    "hotel_id": "44",
    "__method__": "OPTIONS",
    "__url__": "https:\/\/apitndati.com\/v003\/public\/shopping_orders",
    "__time__": "Sun, 16 Feb 2020 15:12:48 +0000"
}  
[2020-02-16 15:12:48] local.INFO: {
    "hotel_id": "44",
    "__method__": "GET",
    "__url__": "https:\/\/apitndati.com\/v003\/public\/shopping_orders",
    "__time__": "Sun, 16 Feb 2020 15:12:48 +0000"
}  
[2020-02-16 15:21:07] local.INFO: {
    "hotel_id": "44",
    "__method__": "OPTIONS",
    "__url__": "https:\/\/apitndati.com\/v003\/public\/shopping_orders",
    "__time__": "Sun, 16 Feb 2020 15:21:07 +0000"
}  
[2020-02-16 15:21:08] local.INFO: {
    "hotel_id": "44",
    "__method__": "GET",
    "__url__": "https:\/\/apitndati.com\/v003\/public\/shopping_orders",
    "__time__": "Sun, 16 Feb 2020 15:21:08 +0000"
}  
[2020-02-16 15:29:27] local.INFO: {
    "hotel_id": "44",
    "__method__": "OPTIONS",
    "__url__": "https:\/\/apitndati.com\/v003\/public\/shopping_orders",
    "__time__": "Sun, 16 Feb 2020 15:29:27 +0000"
}  
[2020-02-16 15:29:28] local.INFO: {
    "hotel_id": "44",
    "__method__": "GET",
    "__url__": "https:\/\/apitndati.com\/v003\/public\/shopping_orders",
    "__time__": "Sun, 16 Feb 2020 15:29:28 +0000"
}  
[2020-02-16 15:37:47] local.INFO: {
    "hotel_id": "44",
    "__method__": "OPTIONS",
    "__url__": "https:\/\/apitndati.com\/v003\/public\/shopping_orders",
    "__time__": "Sun, 16 Feb 2020 15:37:47 +0000"
}  
[2020-02-16 15:37:48] local.INFO: {
    "hotel_id": "44",
    "__method__": "GET",
    "__url__": "https:\/\/apitndati.com\/v003\/public\/shopping_orders",
    "__time__": "Sun, 16 Feb 2020 15:37:48 +0000"
}  
[2020-02-16 15:46:07] local.INFO: {
    "hotel_id": "44",
    "__method__": "OPTIONS",
    "__url__": "https:\/\/apitndati.com\/v003\/public\/shopping_orders",
    "__time__": "Sun, 16 Feb 2020 15:46:07 +0000"
}  
[2020-02-16 15:46:08] local.INFO: {
    "hotel_id": "44",
    "__method__": "GET",
    "__url__": "https:\/\/apitndati.com\/v003\/public\/shopping_orders",
    "__time__": "Sun, 16 Feb 2020 15:46:08 +0000"
}  
[2020-02-16 15:54:27] local.INFO: {
    "hotel_id": "44",
    "__method__": "OPTIONS",
    "__url__": "https:\/\/apitndati.com\/v003\/public\/shopping_orders",
    "__time__": "Sun, 16 Feb 2020 15:54:27 +0000"
}  
[2020-02-16 15:54:28] local.INFO: {
    "hotel_id": "44",
    "__method__": "GET",
    "__url__": "https:\/\/apitndati.com\/v003\/public\/shopping_orders",
    "__time__": "Sun, 16 Feb 2020 15:54:28 +0000"
}  
[2020-02-16 16:02:47] local.INFO: {
    "hotel_id": "44",
    "__method__": "OPTIONS",
    "__url__": "https:\/\/apitndati.com\/v003\/public\/shopping_orders",
    "__time__": "Sun, 16 Feb 2020 16:02:47 +0000"
}  
[2020-02-16 16:02:48] local.INFO: {
    "hotel_id": "44",
    "__method__": "GET",
    "__url__": "https:\/\/apitndati.com\/v003\/public\/shopping_orders",
    "__time__": "Sun, 16 Feb 2020 16:02:48 +0000"
}  
[2020-02-16 16:11:07] local.INFO: {
    "hotel_id": "44",
    "__method__": "OPTIONS",
    "__url__": "https:\/\/apitndati.com\/v003\/public\/shopping_orders",
    "__time__": "Sun, 16 Feb 2020 16:11:07 +0000"
}  
[2020-02-16 16:11:08] local.INFO: {
    "hotel_id": "44",
    "__method__": "GET",
    "__url__": "https:\/\/apitndati.com\/v003\/public\/shopping_orders",
    "__time__": "Sun, 16 Feb 2020 16:11:08 +0000"
}  
[2020-02-16 16:19:28] local.INFO: {
    "hotel_id": "44",
    "__method__": "OPTIONS",
    "__url__": "https:\/\/apitndati.com\/v003\/public\/shopping_orders",
    "__time__": "Sun, 16 Feb 2020 16:19:28 +0000"
}  
[2020-02-16 16:19:28] local.INFO: {
    "hotel_id": "44",
    "__method__": "GET",
    "__url__": "https:\/\/apitndati.com\/v003\/public\/shopping_orders",
    "__time__": "Sun, 16 Feb 2020 16:19:28 +0000"
}  
[2020-02-16 16:27:47] local.INFO: {
    "hotel_id": "44",
    "__method__": "OPTIONS",
    "__url__": "https:\/\/apitndati.com\/v003\/public\/shopping_orders",
    "__time__": "Sun, 16 Feb 2020 16:27:47 +0000"
}  
[2020-02-16 16:27:48] local.INFO: {
    "hotel_id": "44",
    "__method__": "GET",
    "__url__": "https:\/\/apitndati.com\/v003\/public\/shopping_orders",
    "__time__": "Sun, 16 Feb 2020 16:27:48 +0000"
}  
[2020-02-16 16:36:07] local.INFO: {
    "hotel_id": "44",
    "__method__": "OPTIONS",
    "__url__": "https:\/\/apitndati.com\/v003\/public\/shopping_orders",
    "__time__": "Sun, 16 Feb 2020 16:36:07 +0000"
}  
[2020-02-16 16:36:08] local.INFO: {
    "hotel_id": "44",
    "__method__": "GET",
    "__url__": "https:\/\/apitndati.com\/v003\/public\/shopping_orders",
    "__time__": "Sun, 16 Feb 2020 16:36:08 +0000"
}  
[2020-02-16 16:44:27] local.INFO: {
    "hotel_id": "44",
    "__method__": "OPTIONS",
    "__url__": "https:\/\/apitndati.com\/v003\/public\/shopping_orders",
    "__time__": "Sun, 16 Feb 2020 16:44:27 +0000"
}  
[2020-02-16 16:44:28] local.INFO: {
    "hotel_id": "44",
    "__method__": "GET",
    "__url__": "https:\/\/apitndati.com\/v003\/public\/shopping_orders",
    "__time__": "Sun, 16 Feb 2020 16:44:28 +0000"
}  
[2020-02-16 16:52:48] local.INFO: {
    "hotel_id": "44",
    "__method__": "OPTIONS",
    "__url__": "https:\/\/apitndati.com\/v003\/public\/shopping_orders",
    "__time__": "Sun, 16 Feb 2020 16:52:48 +0000"
}  
[2020-02-16 16:52:48] local.INFO: {
    "hotel_id": "44",
    "__method__": "GET",
    "__url__": "https:\/\/apitndati.com\/v003\/public\/shopping_orders",
    "__time__": "Sun, 16 Feb 2020 16:52:48 +0000"
}  
[2020-02-16 17:01:07] local.INFO: {
    "hotel_id": "44",
    "__method__": "OPTIONS",
    "__url__": "https:\/\/apitndati.com\/v003\/public\/shopping_orders",
    "__time__": "Sun, 16 Feb 2020 17:01:07 +0000"
}  
[2020-02-16 17:01:08] local.INFO: {
    "hotel_id": "44",
    "__method__": "GET",
    "__url__": "https:\/\/apitndati.com\/v003\/public\/shopping_orders",
    "__time__": "Sun, 16 Feb 2020 17:01:08 +0000"
}  
[2020-02-16 17:09:28] local.INFO: {
    "hotel_id": "44",
    "__method__": "OPTIONS",
    "__url__": "https:\/\/apitndati.com\/v003\/public\/shopping_orders",
    "__time__": "Sun, 16 Feb 2020 17:09:28 +0000"
}  
[2020-02-16 17:09:28] local.INFO: {
    "hotel_id": "44",
    "__method__": "GET",
    "__url__": "https:\/\/apitndati.com\/v003\/public\/shopping_orders",
    "__time__": "Sun, 16 Feb 2020 17:09:28 +0000"
}  
[2020-02-16 17:17:48] local.INFO: {
    "hotel_id": "44",
    "__method__": "OPTIONS",
    "__url__": "https:\/\/apitndati.com\/v003\/public\/shopping_orders",
    "__time__": "Sun, 16 Feb 2020 17:17:48 +0000"
}  
[2020-02-16 17:17:48] local.INFO: {
    "hotel_id": "44",
    "__method__": "GET",
    "__url__": "https:\/\/apitndati.com\/v003\/public\/shopping_orders",
    "__time__": "Sun, 16 Feb 2020 17:17:48 +0000"
}  
[2020-02-16 17:26:07] local.INFO: {
    "hotel_id": "44",
    "__method__": "OPTIONS",
    "__url__": "https:\/\/apitndati.com\/v003\/public\/shopping_orders",
    "__time__": "Sun, 16 Feb 2020 17:26:07 +0000"
}  
[2020-02-16 17:26:08] local.INFO: {
    "hotel_id": "44",
    "__method__": "GET",
    "__url__": "https:\/\/apitndati.com\/v003\/public\/shopping_orders",
    "__time__": "Sun, 16 Feb 2020 17:26:08 +0000"
}  
[2020-02-16 17:34:27] local.INFO: {
    "hotel_id": "44",
    "__method__": "OPTIONS",
    "__url__": "https:\/\/apitndati.com\/v003\/public\/shopping_orders",
    "__time__": "Sun, 16 Feb 2020 17:34:27 +0000"
}  
[2020-02-16 17:34:28] local.INFO: {
    "hotel_id": "44",
    "__method__": "GET",
    "__url__": "https:\/\/apitndati.com\/v003\/public\/shopping_orders",
    "__time__": "Sun, 16 Feb 2020 17:34:28 +0000"
}  
[2020-02-16 17:42:47] local.INFO: {
    "hotel_id": "44",
    "__method__": "OPTIONS",
    "__url__": "https:\/\/apitndati.com\/v003\/public\/shopping_orders",
    "__time__": "Sun, 16 Feb 2020 17:42:47 +0000"
}  
[2020-02-16 17:42:48] local.INFO: {
    "hotel_id": "44",
    "__method__": "GET",
    "__url__": "https:\/\/apitndati.com\/v003\/public\/shopping_orders",
    "__time__": "Sun, 16 Feb 2020 17:42:48 +0000"
}  
[2020-02-16 17:51:07] local.INFO: {
    "hotel_id": "44",
    "__method__": "OPTIONS",
    "__url__": "https:\/\/apitndati.com\/v003\/public\/shopping_orders",
    "__time__": "Sun, 16 Feb 2020 17:51:07 +0000"
}  
[2020-02-16 17:51:08] local.INFO: {
    "hotel_id": "44",
    "__method__": "GET",
    "__url__": "https:\/\/apitndati.com\/v003\/public\/shopping_orders",
    "__time__": "Sun, 16 Feb 2020 17:51:08 +0000"
}  
[2020-02-16 17:59:27] local.INFO: {
    "hotel_id": "44",
    "__method__": "OPTIONS",
    "__url__": "https:\/\/apitndati.com\/v003\/public\/shopping_orders",
    "__time__": "Sun, 16 Feb 2020 17:59:27 +0000"
}  
[2020-02-16 17:59:28] local.INFO: {
    "hotel_id": "44",
    "__method__": "GET",
    "__url__": "https:\/\/apitndati.com\/v003\/public\/shopping_orders",
    "__time__": "Sun, 16 Feb 2020 17:59:28 +0000"
}  
[2020-02-16 18:07:47] local.INFO: {
    "hotel_id": "44",
    "__method__": "OPTIONS",
    "__url__": "https:\/\/apitndati.com\/v003\/public\/shopping_orders",
    "__time__": "Sun, 16 Feb 2020 18:07:47 +0000"
}  
[2020-02-16 18:07:48] local.INFO: {
    "hotel_id": "44",
    "__method__": "GET",
    "__url__": "https:\/\/apitndati.com\/v003\/public\/shopping_orders",
    "__time__": "Sun, 16 Feb 2020 18:07:48 +0000"
}  
[2020-02-16 18:08:11] local.INFO: {
    "client_id": "2",
    "client_secret": "M3yqDxlXh6DQ1jXZiGMByByG1W4P2AT5NFixHQxu",
    "password": "hellodati2019",
    "email": "iheb.bh@hellodati.com",
    "__method__": "OPTIONS",
    "__url__": "https:\/\/apitndati.com\/v003\/public\/auth\/login",
    "__time__": "Sun, 16 Feb 2020 18:08:11 +0000"
}  
[2020-02-16 18:08:11] local.INFO: {
    "client_id": "2",
    "client_secret": "M3yqDxlXh6DQ1jXZiGMByByG1W4P2AT5NFixHQxu",
    "password": "hellodati2019",
    "email": "iheb.bh@hellodati.com",
    "__method__": "POST",
    "__url__": "https:\/\/apitndati.com\/v003\/public\/auth\/login",
    "__time__": "Sun, 16 Feb 2020 18:08:11 +0000"
}  
[2020-02-16 18:08:13] local.INFO: {
    "__method__": "OPTIONS",
    "__url__": "https:\/\/apitndati.com\/v003\/public\/auth\/privileges",
    "__time__": "Sun, 16 Feb 2020 18:08:13 +0000"
}  
[2020-02-16 18:08:13] local.INFO: {
    "__method__": "GET",
    "__url__": "https:\/\/apitndati.com\/v003\/public\/auth\/privileges",
    "__time__": "Sun, 16 Feb 2020 18:08:13 +0000"
}  
[2020-02-16 18:08:13] local.INFO: {
    "parent_id": "28",
    "__method__": "OPTIONS",
    "__url__": "https:\/\/apitndati.com\/v003\/public\/extra_posts",
    "__time__": "Sun, 16 Feb 2020 18:08:13 +0000"
}  
[2020-02-16 18:08:13] local.INFO: {
    "parent_id": "28",
    "__method__": "GET",
    "__url__": "https:\/\/apitndati.com\/v003\/public\/extra_posts",
    "__time__": "Sun, 16 Feb 2020 18:08:13 +0000"
}  
[2020-02-16 18:16:07] local.INFO: {
    "hotel_id": "44",
    "__method__": "OPTIONS",
    "__url__": "https:\/\/apitndati.com\/v003\/public\/shopping_orders",
    "__time__": "Sun, 16 Feb 2020 18:16:07 +0000"
}  
[2020-02-16 18:16:08] local.INFO: {
    "hotel_id": "44",
    "__method__": "GET",
    "__url__": "https:\/\/apitndati.com\/v003\/public\/shopping_orders",
    "__time__": "Sun, 16 Feb 2020 18:16:08 +0000"
}  
[2020-02-16 18:24:27] local.INFO: {
    "hotel_id": "44",
    "__method__": "OPTIONS",
    "__url__": "https:\/\/apitndati.com\/v003\/public\/shopping_orders",
    "__time__": "Sun, 16 Feb 2020 18:24:27 +0000"
}  
[2020-02-16 18:24:28] local.INFO: {
    "hotel_id": "44",
    "__method__": "GET",
    "__url__": "https:\/\/apitndati.com\/v003\/public\/shopping_orders",
    "__time__": "Sun, 16 Feb 2020 18:24:28 +0000"
}  
[2020-02-16 18:32:47] local.INFO: {
    "hotel_id": "44",
    "__method__": "OPTIONS",
    "__url__": "https:\/\/apitndati.com\/v003\/public\/shopping_orders",
    "__time__": "Sun, 16 Feb 2020 18:32:47 +0000"
}  
[2020-02-16 18:32:48] local.INFO: {
    "hotel_id": "44",
    "__method__": "GET",
    "__url__": "https:\/\/apitndati.com\/v003\/public\/shopping_orders",
    "__time__": "Sun, 16 Feb 2020 18:32:48 +0000"
}  
[2020-02-16 18:41:08] local.INFO: {
    "hotel_id": "44",
    "__method__": "OPTIONS",
    "__url__": "https:\/\/apitndati.com\/v003\/public\/shopping_orders",
    "__time__": "Sun, 16 Feb 2020 18:41:08 +0000"
}  
[2020-02-16 18:41:08] local.INFO: {
    "hotel_id": "44",
    "__method__": "GET",
    "__url__": "https:\/\/apitndati.com\/v003\/public\/shopping_orders",
    "__time__": "Sun, 16 Feb 2020 18:41:08 +0000"
}  
[2020-02-16 18:49:27] local.INFO: {
    "hotel_id": "44",
    "__method__": "OPTIONS",
    "__url__": "https:\/\/apitndati.com\/v003\/public\/shopping_orders",
    "__time__": "Sun, 16 Feb 2020 18:49:27 +0000"
}  
[2020-02-16 18:49:28] local.INFO: {
    "hotel_id": "44",
    "__method__": "GET",
    "__url__": "https:\/\/apitndati.com\/v003\/public\/shopping_orders",
    "__time__": "Sun, 16 Feb 2020 18:49:28 +0000"
}  
[2020-02-16 18:57:47] local.INFO: {
    "hotel_id": "44",
    "__method__": "OPTIONS",
    "__url__": "https:\/\/apitndati.com\/v003\/public\/shopping_orders",
    "__time__": "Sun, 16 Feb 2020 18:57:47 +0000"
}  
[2020-02-16 18:57:48] local.INFO: {
    "hotel_id": "44",
    "__method__": "GET",
    "__url__": "https:\/\/apitndati.com\/v003\/public\/shopping_orders",
    "__time__": "Sun, 16 Feb 2020 18:57:48 +0000"
}  
[2020-02-16 19:06:07] local.INFO: {
    "hotel_id": "44",
    "__method__": "OPTIONS",
    "__url__": "https:\/\/apitndati.com\/v003\/public\/shopping_orders",
    "__time__": "Sun, 16 Feb 2020 19:06:07 +0000"
}  
[2020-02-16 19:06:08] local.INFO: {
    "hotel_id": "44",
    "__method__": "GET",
    "__url__": "https:\/\/apitndati.com\/v003\/public\/shopping_orders",
    "__time__": "Sun, 16 Feb 2020 19:06:08 +0000"
}  
[2020-02-16 19:14:28] local.INFO: {
    "hotel_id": "44",
    "__method__": "OPTIONS",
    "__url__": "https:\/\/apitndati.com\/v003\/public\/shopping_orders",
    "__time__": "Sun, 16 Feb 2020 19:14:28 +0000"
}  
[2020-02-16 19:14:28] local.INFO: {
    "hotel_id": "44",
    "__method__": "GET",
    "__url__": "https:\/\/apitndati.com\/v003\/public\/shopping_orders",
    "__time__": "Sun, 16 Feb 2020 19:14:28 +0000"
}  
[2020-02-16 19:22:47] local.INFO: {
    "hotel_id": "44",
    "__method__": "OPTIONS",
    "__url__": "https:\/\/apitndati.com\/v003\/public\/shopping_orders",
    "__time__": "Sun, 16 Feb 2020 19:22:47 +0000"
}  
[2020-02-16 19:22:48] local.INFO: {
    "hotel_id": "44",
    "__method__": "GET",
    "__url__": "https:\/\/apitndati.com\/v003\/public\/shopping_orders",
    "__time__": "Sun, 16 Feb 2020 19:22:48 +0000"
}  
[2020-02-16 19:31:07] local.INFO: {
    "hotel_id": "44",
    "__method__": "OPTIONS",
    "__url__": "https:\/\/apitndati.com\/v003\/public\/shopping_orders",
    "__time__": "Sun, 16 Feb 2020 19:31:07 +0000"
}  
[2020-02-16 19:31:08] local.INFO: {
    "hotel_id": "44",
    "__method__": "GET",
    "__url__": "https:\/\/apitndati.com\/v003\/public\/shopping_orders",
    "__time__": "Sun, 16 Feb 2020 19:31:08 +0000"
}  
[2020-02-16 19:39:28] local.INFO: {
    "hotel_id": "44",
    "__method__": "OPTIONS",
    "__url__": "https:\/\/apitndati.com\/v003\/public\/shopping_orders",
    "__time__": "Sun, 16 Feb 2020 19:39:28 +0000"
}  
[2020-02-16 19:39:28] local.INFO: {
    "hotel_id": "44",
    "__method__": "GET",
    "__url__": "https:\/\/apitndati.com\/v003\/public\/shopping_orders",
    "__time__": "Sun, 16 Feb 2020 19:39:28 +0000"
}  
[2020-02-16 19:47:48] local.INFO: {
    "hotel_id": "44",
    "__method__": "OPTIONS",
    "__url__": "https:\/\/apitndati.com\/v003\/public\/shopping_orders",
    "__time__": "Sun, 16 Feb 2020 19:47:48 +0000"
}  
[2020-02-16 19:47:48] local.INFO: {
    "hotel_id": "44",
    "__method__": "GET",
    "__url__": "https:\/\/apitndati.com\/v003\/public\/shopping_orders",
    "__time__": "Sun, 16 Feb 2020 19:47:48 +0000"
}  
[2020-02-16 19:56:07] local.INFO: {
    "hotel_id": "44",
    "__method__": "OPTIONS",
    "__url__": "https:\/\/apitndati.com\/v003\/public\/shopping_orders",
    "__time__": "Sun, 16 Feb 2020 19:56:07 +0000"
}  
[2020-02-16 19:56:08] local.INFO: {
    "hotel_id": "44",
    "__method__": "GET",
    "__url__": "https:\/\/apitndati.com\/v003\/public\/shopping_orders",
    "__time__": "Sun, 16 Feb 2020 19:56:08 +0000"
}  
[2020-02-16 20:04:27] local.INFO: {
    "hotel_id": "44",
    "__method__": "OPTIONS",
    "__url__": "https:\/\/apitndati.com\/v003\/public\/shopping_orders",
    "__time__": "Sun, 16 Feb 2020 20:04:27 +0000"
}  
[2020-02-16 20:04:28] local.INFO: {
    "hotel_id": "44",
    "__method__": "GET",
    "__url__": "https:\/\/apitndati.com\/v003\/public\/shopping_orders",
    "__time__": "Sun, 16 Feb 2020 20:04:28 +0000"
}  
[2020-02-16 20:12:47] local.INFO: {
    "hotel_id": "44",
    "__method__": "OPTIONS",
    "__url__": "https:\/\/apitndati.com\/v003\/public\/shopping_orders",
    "__time__": "Sun, 16 Feb 2020 20:12:47 +0000"
}  
[2020-02-16 20:12:48] local.INFO: {
    "hotel_id": "44",
    "__method__": "GET",
    "__url__": "https:\/\/apitndati.com\/v003\/public\/shopping_orders",
    "__time__": "Sun, 16 Feb 2020 20:12:48 +0000"
}  
[2020-02-16 20:21:07] local.INFO: {
    "hotel_id": "44",
    "__method__": "OPTIONS",
    "__url__": "https:\/\/apitndati.com\/v003\/public\/shopping_orders",
    "__time__": "Sun, 16 Feb 2020 20:21:07 +0000"
}  
[2020-02-16 20:21:08] local.INFO: {
    "hotel_id": "44",
    "__method__": "GET",
    "__url__": "https:\/\/apitndati.com\/v003\/public\/shopping_orders",
    "__time__": "Sun, 16 Feb 2020 20:21:08 +0000"
}  
[2020-02-16 20:29:28] local.INFO: {
    "hotel_id": "44",
    "__method__": "OPTIONS",
    "__url__": "https:\/\/apitndati.com\/v003\/public\/shopping_orders",
    "__time__": "Sun, 16 Feb 2020 20:29:27 +0000"
}  
[2020-02-16 20:29:28] local.INFO: {
    "hotel_id": "44",
    "__method__": "GET",
    "__url__": "https:\/\/apitndati.com\/v003\/public\/shopping_orders",
    "__time__": "Sun, 16 Feb 2020 20:29:28 +0000"
}  
[2020-02-16 20:37:48] local.INFO: {
    "hotel_id": "44",
    "__method__": "OPTIONS",
    "__url__": "https:\/\/apitndati.com\/v003\/public\/shopping_orders",
    "__time__": "Sun, 16 Feb 2020 20:37:48 +0000"
}  
[2020-02-16 20:37:48] local.INFO: {
    "hotel_id": "44",
    "__method__": "GET",
    "__url__": "https:\/\/apitndati.com\/v003\/public\/shopping_orders",
    "__time__": "Sun, 16 Feb 2020 20:37:48 +0000"
}  
[2020-02-16 20:46:08] local.INFO: {
    "hotel_id": "44",
    "__method__": "OPTIONS",
    "__url__": "https:\/\/apitndati.com\/v003\/public\/shopping_orders",
    "__time__": "Sun, 16 Feb 2020 20:46:08 +0000"
}  
[2020-02-16 20:46:08] local.INFO: {
    "hotel_id": "44",
    "__method__": "GET",
    "__url__": "https:\/\/apitndati.com\/v003\/public\/shopping_orders",
    "__time__": "Sun, 16 Feb 2020 20:46:08 +0000"
}  
[2020-02-16 20:54:28] local.INFO: {
    "hotel_id": "44",
    "__method__": "OPTIONS",
    "__url__": "https:\/\/apitndati.com\/v003\/public\/shopping_orders",
    "__time__": "Sun, 16 Feb 2020 20:54:28 +0000"
}  
[2020-02-16 20:54:28] local.INFO: {
    "hotel_id": "44",
    "__method__": "GET",
    "__url__": "https:\/\/apitndati.com\/v003\/public\/shopping_orders",
    "__time__": "Sun, 16 Feb 2020 20:54:28 +0000"
}  
[2020-02-16 21:01:46] local.INFO: {
    "parent_id": "28",
    "__method__": "OPTIONS",
    "__url__": "https:\/\/apitndati.com\/v003\/public\/extra_posts",
    "__time__": "Sun, 16 Feb 2020 21:01:46 +0000"
}  
[2020-02-16 21:01:47] local.INFO: {
    "parent_id": "28",
    "__method__": "GET",
    "__url__": "https:\/\/apitndati.com\/v003\/public\/extra_posts",
    "__time__": "Sun, 16 Feb 2020 21:01:47 +0000"
}  
[2020-02-16 21:02:47] local.INFO: {
    "hotel_id": "44",
    "__method__": "OPTIONS",
    "__url__": "https:\/\/apitndati.com\/v003\/public\/shopping_orders",
    "__time__": "Sun, 16 Feb 2020 21:02:47 +0000"
}  
[2020-02-16 21:02:48] local.INFO: {
    "hotel_id": "44",
    "__method__": "GET",
    "__url__": "https:\/\/apitndati.com\/v003\/public\/shopping_orders",
    "__time__": "Sun, 16 Feb 2020 21:02:48 +0000"
}  
[2020-02-16 21:11:07] local.INFO: {
    "hotel_id": "44",
    "__method__": "OPTIONS",
    "__url__": "https:\/\/apitndati.com\/v003\/public\/shopping_orders",
    "__time__": "Sun, 16 Feb 2020 21:11:07 +0000"
}  
[2020-02-16 21:11:08] local.INFO: {
    "hotel_id": "44",
    "__method__": "GET",
    "__url__": "https:\/\/apitndati.com\/v003\/public\/shopping_orders",
    "__time__": "Sun, 16 Feb 2020 21:11:08 +0000"
}  
[2020-02-16 21:11:11] local.INFO: {
    "parent_id": "28",
    "__method__": "OPTIONS",
    "__url__": "https:\/\/apitndati.com\/v003\/public\/extra_posts",
    "__time__": "Sun, 16 Feb 2020 21:11:11 +0000"
}  
[2020-02-16 21:11:11] local.INFO: {
    "parent_id": "28",
    "__method__": "GET",
    "__url__": "https:\/\/apitndati.com\/v003\/public\/extra_posts",
    "__time__": "Sun, 16 Feb 2020 21:11:11 +0000"
}  
[2020-02-16 21:19:27] local.INFO: {
    "hotel_id": "44",
    "__method__": "OPTIONS",
    "__url__": "https:\/\/apitndati.com\/v003\/public\/shopping_orders",
    "__time__": "Sun, 16 Feb 2020 21:19:27 +0000"
}  
[2020-02-16 21:19:28] local.INFO: {
    "hotel_id": "44",
    "__method__": "GET",
    "__url__": "https:\/\/apitndati.com\/v003\/public\/shopping_orders",
    "__time__": "Sun, 16 Feb 2020 21:19:28 +0000"
}  
[2020-02-16 21:27:48] local.INFO: {
    "hotel_id": "44",
    "__method__": "OPTIONS",
    "__url__": "https:\/\/apitndati.com\/v003\/public\/shopping_orders",
    "__time__": "Sun, 16 Feb 2020 21:27:48 +0000"
}  
[2020-02-16 21:27:48] local.INFO: {
    "hotel_id": "44",
    "__method__": "GET",
    "__url__": "https:\/\/apitndati.com\/v003\/public\/shopping_orders",
    "__time__": "Sun, 16 Feb 2020 21:27:48 +0000"
}  
[2020-02-16 21:36:07] local.INFO: {
    "hotel_id": "44",
    "__method__": "OPTIONS",
    "__url__": "https:\/\/apitndati.com\/v003\/public\/shopping_orders",
    "__time__": "Sun, 16 Feb 2020 21:36:07 +0000"
}  
[2020-02-16 21:36:08] local.INFO: {
    "hotel_id": "44",
    "__method__": "GET",
    "__url__": "https:\/\/apitndati.com\/v003\/public\/shopping_orders",
    "__time__": "Sun, 16 Feb 2020 21:36:08 +0000"
}  
[2020-02-16 21:44:35] local.INFO: {
    "hotel_id": "44",
    "__method__": "OPTIONS",
    "__url__": "https:\/\/apitndati.com\/v003\/public\/shopping_orders",
    "__time__": "Sun, 16 Feb 2020 21:44:35 +0000"
}  
[2020-02-16 21:44:35] local.INFO: {
    "hotel_id": "44",
    "__method__": "GET",
    "__url__": "https:\/\/apitndati.com\/v003\/public\/shopping_orders",
    "__time__": "Sun, 16 Feb 2020 21:44:35 +0000"
}  
[2020-02-16 21:52:48] local.INFO: {
    "hotel_id": "44",
    "__method__": "OPTIONS",
    "__url__": "https:\/\/apitndati.com\/v003\/public\/shopping_orders",
    "__time__": "Sun, 16 Feb 2020 21:52:48 +0000"
}  
[2020-02-16 21:52:48] local.INFO: {
    "hotel_id": "44",
    "__method__": "GET",
    "__url__": "https:\/\/apitndati.com\/v003\/public\/shopping_orders",
    "__time__": "Sun, 16 Feb 2020 21:52:48 +0000"
}  
[2020-02-16 22:01:07] local.INFO: {
    "hotel_id": "44",
    "__method__": "OPTIONS",
    "__url__": "https:\/\/apitndati.com\/v003\/public\/shopping_orders",
    "__time__": "Sun, 16 Feb 2020 22:01:07 +0000"
}  
[2020-02-16 22:01:08] local.INFO: {
    "hotel_id": "44",
    "__method__": "GET",
    "__url__": "https:\/\/apitndati.com\/v003\/public\/shopping_orders",
    "__time__": "Sun, 16 Feb 2020 22:01:08 +0000"
}  
[2020-02-16 22:09:27] local.INFO: {
    "hotel_id": "44",
    "__method__": "OPTIONS",
    "__url__": "https:\/\/apitndati.com\/v003\/public\/shopping_orders",
    "__time__": "Sun, 16 Feb 2020 22:09:27 +0000"
}  
[2020-02-16 22:09:28] local.INFO: {
    "hotel_id": "44",
    "__method__": "GET",
    "__url__": "https:\/\/apitndati.com\/v003\/public\/shopping_orders",
    "__time__": "Sun, 16 Feb 2020 22:09:28 +0000"
}  
[2020-02-16 22:17:47] local.INFO: {
    "hotel_id": "44",
    "__method__": "OPTIONS",
    "__url__": "https:\/\/apitndati.com\/v003\/public\/shopping_orders",
    "__time__": "Sun, 16 Feb 2020 22:17:47 +0000"
}  
[2020-02-16 22:17:48] local.INFO: {
    "hotel_id": "44",
    "__method__": "GET",
    "__url__": "https:\/\/apitndati.com\/v003\/public\/shopping_orders",
    "__time__": "Sun, 16 Feb 2020 22:17:48 +0000"
}  
[2020-02-16 22:26:07] local.INFO: {
    "hotel_id": "44",
    "__method__": "OPTIONS",
    "__url__": "https:\/\/apitndati.com\/v003\/public\/shopping_orders",
    "__time__": "Sun, 16 Feb 2020 22:26:07 +0000"
}  
[2020-02-16 22:26:08] local.INFO: {
    "hotel_id": "44",
    "__method__": "GET",
    "__url__": "https:\/\/apitndati.com\/v003\/public\/shopping_orders",
    "__time__": "Sun, 16 Feb 2020 22:26:08 +0000"
}  
[2020-02-16 22:34:27] local.INFO: {
    "hotel_id": "44",
    "__method__": "OPTIONS",
    "__url__": "https:\/\/apitndati.com\/v003\/public\/shopping_orders",
    "__time__": "Sun, 16 Feb 2020 22:34:27 +0000"
}  
[2020-02-16 22:34:28] local.INFO: {
    "hotel_id": "44",
    "__method__": "GET",
    "__url__": "https:\/\/apitndati.com\/v003\/public\/shopping_orders",
    "__time__": "Sun, 16 Feb 2020 22:34:28 +0000"
}  
[2020-02-16 22:42:47] local.INFO: {
    "hotel_id": "44",
    "__method__": "OPTIONS",
    "__url__": "https:\/\/apitndati.com\/v003\/public\/shopping_orders",
    "__time__": "Sun, 16 Feb 2020 22:42:47 +0000"
}  
[2020-02-16 22:42:48] local.INFO: {
    "hotel_id": "44",
    "__method__": "GET",
    "__url__": "https:\/\/apitndati.com\/v003\/public\/shopping_orders",
    "__time__": "Sun, 16 Feb 2020 22:42:48 +0000"
}  
[2020-02-16 22:51:07] local.INFO: {
    "hotel_id": "44",
    "__method__": "OPTIONS",
    "__url__": "https:\/\/apitndati.com\/v003\/public\/shopping_orders",
    "__time__": "Sun, 16 Feb 2020 22:51:07 +0000"
}  
[2020-02-16 22:51:08] local.INFO: {
    "hotel_id": "44",
    "__method__": "GET",
    "__url__": "https:\/\/apitndati.com\/v003\/public\/shopping_orders",
    "__time__": "Sun, 16 Feb 2020 22:51:08 +0000"
}  
[2020-02-16 22:59:28] local.INFO: {
    "hotel_id": "44",
    "__method__": "OPTIONS",
    "__url__": "https:\/\/apitndati.com\/v003\/public\/shopping_orders",
    "__time__": "Sun, 16 Feb 2020 22:59:28 +0000"
}  
[2020-02-16 22:59:28] local.INFO: {
    "hotel_id": "44",
    "__method__": "GET",
    "__url__": "https:\/\/apitndati.com\/v003\/public\/shopping_orders",
    "__time__": "Sun, 16 Feb 2020 22:59:28 +0000"
}  
[2020-02-16 23:07:47] local.INFO: {
    "hotel_id": "44",
    "__method__": "OPTIONS",
    "__url__": "https:\/\/apitndati.com\/v003\/public\/shopping_orders",
    "__time__": "Sun, 16 Feb 2020 23:07:47 +0000"
}  
[2020-02-16 23:07:48] local.INFO: {
    "hotel_id": "44",
    "__method__": "GET",
    "__url__": "https:\/\/apitndati.com\/v003\/public\/shopping_orders",
    "__time__": "Sun, 16 Feb 2020 23:07:48 +0000"
}  
[2020-02-16 23:16:08] local.INFO: {
    "hotel_id": "44",
    "__method__": "OPTIONS",
    "__url__": "https:\/\/apitndati.com\/v003\/public\/shopping_orders",
    "__time__": "Sun, 16 Feb 2020 23:16:08 +0000"
}  
[2020-02-16 23:16:08] local.INFO: {
    "hotel_id": "44",
    "__method__": "GET",
    "__url__": "https:\/\/apitndati.com\/v003\/public\/shopping_orders",
    "__time__": "Sun, 16 Feb 2020 23:16:08 +0000"
}  
[2020-02-16 23:24:27] local.INFO: {
    "hotel_id": "44",
    "__method__": "OPTIONS",
    "__url__": "https:\/\/apitndati.com\/v003\/public\/shopping_orders",
    "__time__": "Sun, 16 Feb 2020 23:24:27 +0000"
}  
[2020-02-16 23:24:28] local.INFO: {
    "hotel_id": "44",
    "__method__": "GET",
    "__url__": "https:\/\/apitndati.com\/v003\/public\/shopping_orders",
    "__time__": "Sun, 16 Feb 2020 23:24:28 +0000"
}  
[2020-02-16 23:32:47] local.INFO: {
    "hotel_id": "44",
    "__method__": "OPTIONS",
    "__url__": "https:\/\/apitndati.com\/v003\/public\/shopping_orders",
    "__time__": "Sun, 16 Feb 2020 23:32:47 +0000"
}  
[2020-02-16 23:32:48] local.INFO: {
    "hotel_id": "44",
    "__method__": "GET",
    "__url__": "https:\/\/apitndati.com\/v003\/public\/shopping_orders",
    "__time__": "Sun, 16 Feb 2020 23:32:48 +0000"
}  
[2020-02-16 23:41:08] local.INFO: {
    "hotel_id": "44",
    "__method__": "OPTIONS",
    "__url__": "https:\/\/apitndati.com\/v003\/public\/shopping_orders",
    "__time__": "Sun, 16 Feb 2020 23:41:08 +0000"
}  
[2020-02-16 23:41:08] local.INFO: {
    "hotel_id": "44",
    "__method__": "GET",
    "__url__": "https:\/\/apitndati.com\/v003\/public\/shopping_orders",
    "__time__": "Sun, 16 Feb 2020 23:41:08 +0000"
}  
[2020-02-16 23:49:15] local.INFO: {
    "parent_id": "28",
    "__method__": "OPTIONS",
    "__url__": "https:\/\/apitndati.com\/v003\/public\/extra_posts",
    "__time__": "Sun, 16 Feb 2020 23:49:15 +0000"
}  
[2020-02-16 23:49:15] local.INFO: {
    "parent_id": "28",
    "__method__": "GET",
    "__url__": "https:\/\/apitndati.com\/v003\/public\/extra_posts",
    "__time__": "Sun, 16 Feb 2020 23:49:15 +0000"
}  
[2020-02-16 23:49:27] local.INFO: {
    "hotel_id": "44",
    "__method__": "OPTIONS",
    "__url__": "https:\/\/apitndati.com\/v003\/public\/shopping_orders",
    "__time__": "Sun, 16 Feb 2020 23:49:27 +0000"
}  
[2020-02-16 23:49:27] local.INFO: {
    "hotel_id": "44",
    "__method__": "GET",
    "__url__": "https:\/\/apitndati.com\/v003\/public\/shopping_orders",
    "__time__": "Sun, 16 Feb 2020 23:49:27 +0000"
}  
[2020-02-16 23:57:47] local.INFO: {
    "hotel_id": "44",
    "__method__": "OPTIONS",
    "__url__": "https:\/\/apitndati.com\/v003\/public\/shopping_orders",
    "__time__": "Sun, 16 Feb 2020 23:57:47 +0000"
}  
[2020-02-16 23:57:48] local.INFO: {
    "hotel_id": "44",
    "__method__": "GET",
    "__url__": "https:\/\/apitndati.com\/v003\/public\/shopping_orders",
    "__time__": "Sun, 16 Feb 2020 23:57:48 +0000"
}  
